2026-02-07T11:40:27.734Z loggerInit {"paths":["C:\\users\\crest\\source\\repos\\SimpleStats\\com.crest.simplestats.sdPlugin\\debug.log","C:\\Users\\crest\\AppData\\Roaming\\Elgato\\StreamDeck\\Plugins\\com.crest.simplestats.sdPlugin\\debug.log","C:\\Users\\crest\\SimpleStats-debug.log","C:\\Users\\crest\\AppData\\Roaming\\Elgato\\StreamDeck\\Plugins\\com.crest.simplestats.sdPlugin\\debug.log"]}
2026-02-07T11:40:28.227Z helperStarted {"path":"C:\\users\\crest\\source\\repos\\SimpleStats\\com.crest.simplestats.sdPlugin\\bin\\SimpleStatsHelper.exe","pid":1515120}
2026-02-07T11:40:28.228Z helperGpuMissing
2026-02-07T11:40:28.229Z helperDiskPerfMissing
2026-02-07T11:40:28.231Z perfSummary {"reason":"slowTick","tickMs":490.1,"subscribers":0,"summary":{"gpu":{"avgMs":487.9,"maxMs":487.9,"lastMs":487.9,"count":1},"diskPerf":{"avgMs":0.4,"maxMs":0.4,"lastMs":0.4,"count":1},"diskSize":{"avgMs":1.5,"maxMs":1.5,"lastMs":1.5,"count":1},"netStats":{"avgMs":1.4,"maxMs":1.4,"lastMs":1.4,"count":1},"netIfaces":{"avgMs":1.3,"maxMs":1.3,"lastMs":1.3,"count":1},"tick":{"avgMs":490.1,"maxMs":490.1,"lastMs":490.1,"count":1}},"process":{"cpuPct":null,"cpuMs":null,"rssMb":45.9,"heapMb":8.6,"extMb":2}}
2026-02-07T11:40:28.936Z willAppear {"actionId":"3490cc6918bea7f6d1fcb97892ed667b","manifestId":"com.crest.simplestats.metric","settings":{"group":"disk","metric":"disk-activity","cpuPerCore":false,"cpuCore":1,"gpuIndex":0,"diskId":"U:","netIface":"","netPeriodSec":60,"pollIntervalSec":1,"warnThreshold":80,"topThreshold":5}}
2026-02-07T11:40:28.937Z render {"actionId":"3490cc6918bea7f6d1fcb97892ed667b","manifestId":"com.crest.simplestats.metric","metric":"disk-activity","group":"disk","display":{"label":"DSK ACTIVE %","value":"--","graphValue":null,"graphMax":100,"graphMinMax":null,"graphMin":0},"gpuIndex":0}
2026-02-07T11:40:28.937Z diskSnapshot {"actionId":"3490cc6918bea7f6d1fcb97892ed667b","manifestId":"com.crest.simplestats.metric","diskId":"U:","disk":null,"perfKeys":[],"perf":null,"totalActivityPct":null,"totalThroughput":{"readBps":null,"writeBps":null}}
2026-02-07T11:40:28.939Z willAppear {"actionId":"c7e6d020d28f2c0cdee7b5605ae674d2","manifestId":"com.crest.simplestats.metric","settings":{"group":"cpu","metric":"cpu-total","cpuPerCore":false,"cpuCore":1,"gpuIndex":0,"diskId":"","netIface":"","netPeriodSec":60,"pollIntervalSec":1,"warnThreshold":80,"topThreshold":5}}
2026-02-07T11:40:28.939Z render {"actionId":"c7e6d020d28f2c0cdee7b5605ae674d2","manifestId":"com.crest.simplestats.metric","metric":"cpu-total","group":"cpu","display":{"label":"CPU TOTAL","value":"--","graphValue":null,"graphMax":100,"graphMinMax":null,"graphMin":0},"gpuIndex":0}
2026-02-07T11:40:28.940Z willAppear {"actionId":"0ea91607512cacdb2264f0c5c6f5c8f1","manifestId":"com.crest.simplestats.metric","settings":{"group":"disk","metric":"disk-activity","cpuPerCore":false,"cpuCore":1,"gpuIndex":0,"diskId":"M:","netIface":"","netPeriodSec":60,"pollIntervalSec":1,"warnThreshold":80,"topThreshold":5}}
2026-02-07T11:40:28.940Z render {"actionId":"0ea91607512cacdb2264f0c5c6f5c8f1","manifestId":"com.crest.simplestats.metric","metric":"disk-activity","group":"disk","display":{"label":"DSK ACTIVE %","value":"--","graphValue":null,"graphMax":100,"graphMinMax":null,"graphMin":0},"gpuIndex":0}
2026-02-07T11:40:28.940Z diskSnapshot {"actionId":"0ea91607512cacdb2264f0c5c6f5c8f1","manifestId":"com.crest.simplestats.metric","diskId":"M:","disk":null,"perfKeys":[],"perf":null,"totalActivityPct":null,"totalThroughput":{"readBps":null,"writeBps":null}}
2026-02-07T11:40:28.941Z willAppear {"actionId":"9b18936bb444d8fbcbefc6833043a442","manifestId":"com.crest.simplestats.metric","settings":{"group":"cpu","metric":"top-cpu","cpuPerCore":false,"cpuCore":1,"gpuIndex":0,"diskId":"","netIface":"","netPeriodSec":60,"pollIntervalSec":1,"warnThreshold":75,"topThreshold":2}}
2026-02-07T11:40:28.942Z render {"actionId":"9b18936bb444d8fbcbefc6833043a442","manifestId":"com.crest.simplestats.metric","metric":"top-cpu","group":"cpu","display":{"label":"TOP CPU","value":"IDLE","graphValue":null,"graphMax":100,"graphMinMax":null,"graphMin":0,"idle":true},"gpuIndex":0}
2026-02-07T11:40:28.942Z willAppear {"actionId":"2a959f354c9ecb0d71eee7897ad39032","manifestId":"com.crest.simplestats.metric","settings":{"group":"gpu","metric":"gpu-load","cpuPerCore":false,"cpuCore":1,"gpuIndex":0,"diskId":"","netIface":"","netPeriodSec":60,"pollIntervalSec":1,"warnThreshold":98,"topThreshold":5}}
2026-02-07T11:40:28.943Z render {"actionId":"2a959f354c9ecb0d71eee7897ad39032","manifestId":"com.crest.simplestats.metric","metric":"gpu-load","group":"gpu","display":{"label":"GPU","value":"--","graphValue":null,"graphMax":100,"graphMinMax":null,"graphMin":0},"gpuIndex":0}
2026-02-07T11:40:28.944Z gpuSnapshot {"actionId":"2a959f354c9ecb0d71eee7897ad39032","manifestId":"com.crest.simplestats.metric","gpuIndex":0,"loadPct":null,"vramPct":null,"vramUsed":null,"vramTotal":null,"tempC":null,"powerW":null,"name":null}
2026-02-07T11:40:28.944Z willAppear {"actionId":"b927a8a52bb1c05d2af61b23f748a5e5","manifestId":"com.crest.simplestats.metric","settings":{"group":"memory","metric":"top-mem","cpuPerCore":false,"cpuCore":1,"gpuIndex":0,"diskId":"","netIface":"","netPeriodSec":60,"pollIntervalSec":1,"warnThreshold":80,"topThreshold":2}}
2026-02-07T11:40:28.945Z render {"actionId":"b927a8a52bb1c05d2af61b23f748a5e5","manifestId":"com.crest.simplestats.metric","metric":"top-mem","group":"memory","display":{"label":"TOP MEM","value":"IDLE","graphValue":null,"graphMax":null,"graphMinMax":null,"graphMin":0,"idle":true},"gpuIndex":0}
2026-02-07T11:40:28.946Z willAppear {"actionId":"56f83e501baab119d3939f6dd1142292","manifestId":"com.crest.simplestats.metric","settings":{"group":"gpu","metric":"gpu-top-compute","cpuPerCore":false,"cpuCore":1,"gpuIndex":0,"diskId":"","netIface":"","netPeriodSec":60,"pollIntervalSec":1,"warnThreshold":95,"topThreshold":2}}
2026-02-07T11:40:28.946Z render {"actionId":"56f83e501baab119d3939f6dd1142292","manifestId":"com.crest.simplestats.metric","metric":"gpu-top-compute","group":"gpu","display":{"label":"GPU TOP","value":"IDLE","graphValue":null,"graphMax":100,"graphMinMax":null,"graphMin":0,"idle":true},"gpuIndex":0}
2026-02-07T11:40:28.947Z gpuSnapshot {"actionId":"56f83e501baab119d3939f6dd1142292","manifestId":"com.crest.simplestats.metric","gpuIndex":0,"loadPct":null,"vramPct":null,"vramUsed":null,"vramTotal":null,"tempC":null,"powerW":null,"name":null}
2026-02-07T11:40:28.948Z willAppear {"actionId":"a7a77a748e875f2ac2b8eae7b37bc111","manifestId":"com.crest.simplestats.metric","settings":{"group":"memory","metric":"mem-total","cpuPerCore":false,"cpuCore":1,"gpuIndex":0,"diskId":"","netIface":"","netPeriodSec":60,"pollIntervalSec":1,"warnThreshold":80,"topThreshold":5}}
2026-02-07T11:40:28.948Z render {"actionId":"a7a77a748e875f2ac2b8eae7b37bc111","manifestId":"com.crest.simplestats.metric","metric":"mem-total","group":"memory","display":{"label":"MEM","value":"--","graphValue":null,"graphMax":100,"graphMinMax":null,"graphMin":0},"gpuIndex":0}
2026-02-07T11:40:28.949Z willAppear {"actionId":"599736e7acc3b1b09bfc59a331fff8ff","manifestId":"com.crest.simplestats.metric","settings":{"group":"disk","metric":"disk-activity","cpuPerCore":false,"cpuCore":1,"gpuIndex":0,"diskId":"","netIface":"","netPeriodSec":60,"pollIntervalSec":1,"warnThreshold":0,"topThreshold":5}}
2026-02-07T11:40:28.950Z render {"actionId":"599736e7acc3b1b09bfc59a331fff8ff","manifestId":"com.crest.simplestats.metric","metric":"disk-activity","group":"disk","display":{"label":"DSK ACTIVE %","value":"--","graphValue":null,"graphMax":100,"graphMinMax":null,"graphMin":0},"gpuIndex":0}
2026-02-07T11:40:28.950Z diskSnapshot {"actionId":"599736e7acc3b1b09bfc59a331fff8ff","manifestId":"com.crest.simplestats.metric","diskId":"","disk":null,"perfKeys":[],"perf":null,"totalActivityPct":null,"totalThroughput":{"readBps":null,"writeBps":null}}
2026-02-07T11:40:28.950Z willAppear {"actionId":"f380f9389341e67f35fbc008caf2caad","manifestId":"com.crest.simplestats.metric","settings":{"group":"memory","metric":"mem-total","cpuPerCore":false,"cpuCore":1,"gpuIndex":0,"diskId":"","netIface":"","netPeriodSec":60,"pollIntervalSec":1,"warnThreshold":0,"topThreshold":5}}
2026-02-07T11:40:28.951Z render {"actionId":"f380f9389341e67f35fbc008caf2caad","manifestId":"com.crest.simplestats.metric","metric":"mem-total","group":"memory","display":{"label":"MEM","value":"--","graphValue":null,"graphMax":100,"graphMinMax":null,"graphMin":0},"gpuIndex":0}
2026-02-07T11:40:28.952Z willAppear {"actionId":"e28df98e61e2f505ca7985843ced192f","manifestId":"com.crest.simplestats.metric","settings":{"group":"gpu","metric":"gpu-load","cpuPerCore":false,"cpuCore":1,"gpuIndex":0,"diskId":"","netIface":"","netPeriodSec":60,"pollIntervalSec":1,"warnThreshold":0,"topThreshold":5}}
2026-02-07T11:40:28.953Z render {"actionId":"e28df98e61e2f505ca7985843ced192f","manifestId":"com.crest.simplestats.metric","metric":"gpu-load","group":"gpu","display":{"label":"GPU","value":"--","graphValue":null,"graphMax":100,"graphMinMax":null,"graphMin":0},"gpuIndex":0}
2026-02-07T11:40:28.953Z gpuSnapshot {"actionId":"e28df98e61e2f505ca7985843ced192f","manifestId":"com.crest.simplestats.metric","gpuIndex":0,"loadPct":null,"vramPct":null,"vramUsed":null,"vramTotal":null,"tempC":null,"powerW":null,"name":null}
2026-02-07T11:40:28.954Z willAppear {"actionId":"ce3eb8500c5c2dc69b943fdf8dd28758","manifestId":"com.crest.simplestats.metric","settings":{"group":"cpu","metric":"cpu-total","cpuPerCore":false,"cpuCore":1,"gpuIndex":0,"diskId":"","netIface":"","netPeriodSec":60,"pollIntervalSec":1,"warnThreshold":0,"topThreshold":5}}
2026-02-07T11:40:28.956Z render {"actionId":"ce3eb8500c5c2dc69b943fdf8dd28758","manifestId":"com.crest.simplestats.metric","metric":"cpu-total","group":"cpu","display":{"label":"CPU TOTAL","value":"--","graphValue":null,"graphMax":100,"graphMinMax":null,"graphMin":0},"gpuIndex":0}
2026-02-07T11:40:28.956Z willAppear {"actionId":"4e6de72aadb87d157c3ccf19b5c6d697","manifestId":"com.crest.simplestats.metric","settings":{"group":"disk","metric":"disk-used","cpuPerCore":false,"cpuCore":1,"gpuIndex":0,"diskId":"","netIface":"","netPeriodSec":60,"pollIntervalSec":1,"warnThreshold":0,"topThreshold":5}}
2026-02-07T11:40:28.957Z render {"actionId":"4e6de72aadb87d157c3ccf19b5c6d697","manifestId":"com.crest.simplestats.metric","metric":"disk-used","group":"disk","display":{"label":"DSK % USED","value":"--","graphValue":null,"graphMax":100,"graphMinMax":null,"graphMin":0},"gpuIndex":0}
2026-02-07T11:40:28.957Z diskSnapshot {"actionId":"4e6de72aadb87d157c3ccf19b5c6d697","manifestId":"com.crest.simplestats.metric","diskId":"","disk":null,"perfKeys":[],"perf":null,"totalActivityPct":null,"totalThroughput":{"readBps":null,"writeBps":null}}
2026-02-07T11:40:28.958Z willAppear {"actionId":"42232239e255f7d8f4b3e05390b97020","manifestId":"com.crest.simplestats.metric","settings":{"group":"memory","metric":"mem-used","cpuPerCore":false,"cpuCore":1,"gpuIndex":0,"diskId":"","netIface":"","netPeriodSec":60,"pollIntervalSec":1,"warnThreshold":0,"topThreshold":5}}
2026-02-07T11:40:28.959Z render {"actionId":"42232239e255f7d8f4b3e05390b97020","manifestId":"com.crest.simplestats.metric","metric":"mem-used","group":"memory","display":{"label":"MEM","value":"--","graphValue":null,"graphMax":null,"graphMinMax":null,"graphMin":0},"gpuIndex":0}
2026-02-07T11:40:28.961Z willAppear {"actionId":"b80e8c5a78b363d08df7a2ab786fcf4a","manifestId":"com.crest.simplestats.metric","settings":{"group":"gpu","metric":"gpu-vram","cpuPerCore":false,"cpuCore":1,"gpuIndex":0,"diskId":"","netIface":"","netPeriodSec":60,"pollIntervalSec":1,"warnThreshold":0,"topThreshold":5}}
2026-02-07T11:40:28.962Z render {"actionId":"b80e8c5a78b363d08df7a2ab786fcf4a","manifestId":"com.crest.simplestats.metric","metric":"gpu-vram","group":"gpu","display":{"label":"VRAM","value":"--","graphValue":null,"graphMax":100,"graphMinMax":null,"graphMin":0},"gpuIndex":0}
2026-02-07T11:40:28.962Z gpuSnapshot {"actionId":"b80e8c5a78b363d08df7a2ab786fcf4a","manifestId":"com.crest.simplestats.metric","gpuIndex":0,"loadPct":null,"vramPct":null,"vramUsed":null,"vramTotal":null,"tempC":null,"powerW":null,"name":null}
2026-02-07T11:40:28.963Z willAppear {"actionId":"4a1955355a5638db4ae95bb6c0732974","manifestId":"com.crest.simplestats.metric","settings":{"group":"cpu","metric":"cpu-core","cpuPerCore":true,"cpuCore":1,"gpuIndex":0,"diskId":"","netIface":"","netPeriodSec":60,"pollIntervalSec":1,"warnThreshold":0,"topThreshold":5}}
2026-02-07T11:40:28.964Z render {"actionId":"4a1955355a5638db4ae95bb6c0732974","manifestId":"com.crest.simplestats.metric","metric":"cpu-core","group":"cpu","display":{"label":"CPU C1","value":"--","graphValue":null,"graphMax":100,"graphMinMax":null,"graphMin":0},"gpuIndex":0}
2026-02-07T11:40:28.964Z willAppear {"actionId":"fd64a8acbacfd674ab252a990cbe5825","manifestId":"com.crest.simplestats.metric","settings":{"group":"disk","metric":"disk-free","cpuPerCore":false,"cpuCore":1,"gpuIndex":0,"diskId":"","netIface":"","netPeriodSec":60,"pollIntervalSec":1,"warnThreshold":0,"topThreshold":5}}
2026-02-07T11:40:28.965Z render {"actionId":"fd64a8acbacfd674ab252a990cbe5825","manifestId":"com.crest.simplestats.metric","metric":"disk-free","group":"disk","display":{"label":"DSK % FREE","value":"--","graphValue":null,"graphMax":100,"graphMinMax":null,"graphMin":0},"gpuIndex":0}
2026-02-07T11:40:28.965Z diskSnapshot {"actionId":"fd64a8acbacfd674ab252a990cbe5825","manifestId":"com.crest.simplestats.metric","diskId":"","disk":null,"perfKeys":[],"perf":null,"totalActivityPct":null,"totalThroughput":{"readBps":null,"writeBps":null}}
2026-02-07T11:40:28.966Z willAppear {"actionId":"8ecf4a35c7fbbc2fe685e4c99cd6182e","manifestId":"com.crest.simplestats.metric","settings":{"group":"memory","metric":"top-mem","cpuPerCore":false,"cpuCore":1,"gpuIndex":0,"diskId":"","netIface":"","netPeriodSec":60,"pollIntervalSec":1,"warnThreshold":0,"topThreshold":0}}
2026-02-07T11:40:28.966Z render {"actionId":"8ecf4a35c7fbbc2fe685e4c99cd6182e","manifestId":"com.crest.simplestats.metric","metric":"top-mem","group":"memory","display":{"label":"TOP MEM","value":"--","graphValue":null,"graphMax":null,"graphMinMax":null,"graphMin":0,"processName":null,"processIcon":null},"gpuIndex":0}
2026-02-07T11:40:28.967Z willAppear {"actionId":"4172dfc21f8ff10fd3944fb09b17f3f9","manifestId":"com.crest.simplestats.metric","settings":{"group":"gpu","metric":"gpu-vram-used","cpuPerCore":false,"cpuCore":1,"gpuIndex":0,"diskId":"","netIface":"","netPeriodSec":60,"pollIntervalSec":1,"warnThreshold":0,"topThreshold":5}}
2026-02-07T11:40:28.967Z render {"actionId":"4172dfc21f8ff10fd3944fb09b17f3f9","manifestId":"com.crest.simplestats.metric","metric":"gpu-vram-used","group":"gpu","display":{"label":"VRAM","value":"--","graphValue":null,"graphMax":null,"graphMinMax":null,"graphMin":0},"gpuIndex":0}
2026-02-07T11:40:28.968Z gpuSnapshot {"actionId":"4172dfc21f8ff10fd3944fb09b17f3f9","manifestId":"com.crest.simplestats.metric","gpuIndex":0,"loadPct":null,"vramPct":null,"vramUsed":null,"vramTotal":null,"tempC":null,"powerW":null,"name":null}
2026-02-07T11:40:28.968Z willAppear {"actionId":"4f4b4b9226a8d1858379f445c653c142","manifestId":"com.crest.simplestats.metric","settings":{"group":"cpu","metric":"cpu-peak","cpuPerCore":false,"cpuCore":1,"gpuIndex":0,"diskId":"","netIface":"","netPeriodSec":60,"pollIntervalSec":1,"warnThreshold":0,"topThreshold":5}}
2026-02-07T11:40:28.969Z render {"actionId":"4f4b4b9226a8d1858379f445c653c142","manifestId":"com.crest.simplestats.metric","metric":"cpu-peak","group":"cpu","display":{"label":"CPU PEAK","value":"--","graphValue":null,"graphMax":100,"graphMinMax":null,"graphMin":0},"gpuIndex":0}
2026-02-07T11:40:28.970Z willAppear {"actionId":"eb738fd7d79e94041d7b5b46c4aa08dd","manifestId":"com.crest.simplestats.metric","settings":{"group":"disk","metric":"disk-read","cpuPerCore":false,"cpuCore":1,"gpuIndex":0,"diskId":"","netIface":"","netPeriodSec":60,"pollIntervalSec":1,"warnThreshold":0,"topThreshold":5}}
2026-02-07T11:40:28.970Z render {"actionId":"eb738fd7d79e94041d7b5b46c4aa08dd","manifestId":"com.crest.simplestats.metric","metric":"disk-read","group":"disk","display":{"label":"DSK READ","value":"--","graphValue":null,"graphMax":null,"graphMinMax":null,"graphMin":0},"gpuIndex":0}
2026-02-07T11:40:28.971Z diskSnapshot {"actionId":"eb738fd7d79e94041d7b5b46c4aa08dd","manifestId":"com.crest.simplestats.metric","diskId":"","disk":null,"perfKeys":[],"perf":null,"totalActivityPct":null,"totalThroughput":{"readBps":null,"writeBps":null}}
2026-02-07T11:40:28.971Z willAppear {"actionId":"6834e6bc95004c7d3c0ad99ccf4439bd","manifestId":"com.crest.simplestats.metric","settings":{"group":"memory","metric":"top-mem-pct","cpuPerCore":false,"cpuCore":1,"gpuIndex":0,"diskId":"","netIface":"","netPeriodSec":60,"pollIntervalSec":1,"warnThreshold":0,"topThreshold":0}}
2026-02-07T11:40:28.972Z render {"actionId":"6834e6bc95004c7d3c0ad99ccf4439bd","manifestId":"com.crest.simplestats.metric","metric":"top-mem-pct","group":"memory","display":{"label":"TOP MEM %","value":"--","graphValue":null,"graphMax":100,"graphMinMax":null,"graphMin":0,"processName":null,"processIcon":null},"gpuIndex":0}
2026-02-07T11:40:28.972Z willAppear {"actionId":"dc0ea53f2377a31e5f72f44d0d3ccec5","manifestId":"com.crest.simplestats.metric","settings":{"group":"gpu","metric":"gpu-temp","cpuPerCore":false,"cpuCore":1,"gpuIndex":0,"diskId":"","netIface":"","netPeriodSec":60,"pollIntervalSec":1,"warnThreshold":0,"topThreshold":5}}
2026-02-07T11:40:28.973Z render {"actionId":"dc0ea53f2377a31e5f72f44d0d3ccec5","manifestId":"com.crest.simplestats.metric","metric":"gpu-temp","group":"gpu","display":{"label":"GPU TEMP","value":"--","graphValue":null,"graphMax":100,"graphMinMax":null,"graphMin":20},"gpuIndex":0}
2026-02-07T11:40:28.973Z gpuSnapshot {"actionId":"dc0ea53f2377a31e5f72f44d0d3ccec5","manifestId":"com.crest.simplestats.metric","gpuIndex":0,"loadPct":null,"vramPct":null,"vramUsed":null,"vramTotal":null,"tempC":null,"powerW":null,"name":null}
2026-02-07T11:40:28.974Z willAppear {"actionId":"68ac1cd8c4e971d695977a0caa60cea6","manifestId":"com.crest.simplestats.metric","settings":{"group":"cpu","metric":"top-cpu","cpuPerCore":false,"cpuCore":1,"gpuIndex":0,"diskId":"","netIface":"","netPeriodSec":60,"pollIntervalSec":1,"warnThreshold":0,"topThreshold":0}}
2026-02-07T11:40:28.975Z render {"actionId":"68ac1cd8c4e971d695977a0caa60cea6","manifestId":"com.crest.simplestats.metric","metric":"top-cpu","group":"cpu","display":{"label":"TOP CPU","value":"--","graphValue":null,"graphMax":100,"graphMinMax":null,"graphMin":0,"processName":null,"processIcon":null},"gpuIndex":0}
2026-02-07T11:40:28.975Z willAppear {"actionId":"17d9ca96a4999b87f0e3437479fd79ae","manifestId":"com.crest.simplestats.metric","settings":{"group":"disk","metric":"disk-write","cpuPerCore":false,"cpuCore":1,"gpuIndex":0,"diskId":"","netIface":"","netPeriodSec":60,"pollIntervalSec":1,"warnThreshold":0,"topThreshold":5}}
2026-02-07T11:40:28.976Z render {"actionId":"17d9ca96a4999b87f0e3437479fd79ae","manifestId":"com.crest.simplestats.metric","metric":"disk-write","group":"disk","display":{"label":"DSK WRITE","value":"--","graphValue":null,"graphMax":null,"graphMinMax":null,"graphMin":0},"gpuIndex":0}
2026-02-07T11:40:28.976Z diskSnapshot {"actionId":"17d9ca96a4999b87f0e3437479fd79ae","manifestId":"com.crest.simplestats.metric","diskId":"","disk":null,"perfKeys":[],"perf":null,"totalActivityPct":null,"totalThroughput":{"readBps":null,"writeBps":null}}
2026-02-07T11:40:28.977Z willAppear {"actionId":"3ea68a461cfe573c716a30551838bedf","manifestId":"com.crest.simplestats.metric","settings":{"group":"gpu","metric":"gpu-power","cpuPerCore":false,"cpuCore":1,"gpuIndex":0,"diskId":"","netIface":"","netPeriodSec":60,"pollIntervalSec":1,"warnThreshold":0,"topThreshold":5}}
2026-02-07T11:40:28.978Z render {"actionId":"3ea68a461cfe573c716a30551838bedf","manifestId":"com.crest.simplestats.metric","metric":"gpu-power","group":"gpu","display":{"label":"GPU","value":"--","graphValue":null,"graphMax":null,"graphMinMax":null,"graphMin":0},"gpuIndex":0}
2026-02-07T11:40:28.978Z gpuSnapshot {"actionId":"3ea68a461cfe573c716a30551838bedf","manifestId":"com.crest.simplestats.metric","gpuIndex":0,"loadPct":null,"vramPct":null,"vramUsed":null,"vramTotal":null,"tempC":null,"powerW":null,"name":null}
2026-02-07T11:40:28.979Z willAppear {"actionId":"f6f54536816691298d830bc4887c5483","manifestId":"com.crest.simplestats.metric","settings":{"group":"network","metric":"net-up","cpuPerCore":false,"cpuCore":1,"gpuIndex":0,"diskId":"","netIface":"","netPeriodSec":60,"pollIntervalSec":5,"warnThreshold":0,"topThreshold":5}}
2026-02-07T11:40:28.980Z render {"actionId":"f6f54536816691298d830bc4887c5483","manifestId":"com.crest.simplestats.metric","metric":"net-up","group":"network","display":{"label":"NET UP","value":"--","graphValue":null,"graphMax":null,"graphMinMax":10,"graphMin":0},"gpuIndex":0}
2026-02-07T11:40:28.980Z willAppear {"actionId":"59337ce586eccaf40720bbdc86da852f","manifestId":"com.crest.simplestats.metric","settings":{"group":"network","metric":"net-total","cpuPerCore":false,"cpuCore":1,"gpuIndex":0,"diskId":"","netIface":"","netPeriodSec":3600,"pollIntervalSec":1,"warnThreshold":0,"topThreshold":5}}
2026-02-07T11:40:28.981Z render {"actionId":"59337ce586eccaf40720bbdc86da852f","manifestId":"com.crest.simplestats.metric","metric":"net-total","group":"network","display":{"label":"NET 1H","value":"221M","graphValue":null,"graphMax":null,"graphMinMax":null,"graphMin":0},"gpuIndex":0}
2026-02-07T11:40:28.981Z willAppear {"actionId":"ed08c45696d73f11f393d3396473cbd2","manifestId":"com.crest.simplestats.metric","settings":{"group":"network","metric":"net-total","cpuPerCore":false,"cpuCore":1,"gpuIndex":0,"diskId":"","netIface":"","netPeriodSec":60,"pollIntervalSec":1,"warnThreshold":0,"topThreshold":5}}
2026-02-07T11:40:28.982Z render {"actionId":"ed08c45696d73f11f393d3396473cbd2","manifestId":"com.crest.simplestats.metric","metric":"net-total","group":"network","display":{"label":"NET 1M","value":"--","graphValue":null,"graphMax":null,"graphMinMax":null,"graphMin":0},"gpuIndex":0}
2026-02-07T11:40:28.983Z willAppear {"actionId":"b487ee51292153d9978899b8bc3e36b5","manifestId":"com.crest.simplestats.metric","settings":{"group":"network","metric":"net-down","cpuPerCore":false,"cpuCore":1,"gpuIndex":0,"diskId":"","netIface":"","netPeriodSec":60,"pollIntervalSec":1,"warnThreshold":0,"topThreshold":5}}
2026-02-07T11:40:28.983Z render {"actionId":"b487ee51292153d9978899b8bc3e36b5","manifestId":"com.crest.simplestats.metric","metric":"net-down","group":"network","display":{"label":"NET DOWN","value":"--","graphValue":null,"graphMax":null,"graphMinMax":10,"graphMin":0},"gpuIndex":0}
2026-02-07T11:40:28.984Z willAppear {"actionId":"db389dbc81368ccfaefa1eac96b7e622","manifestId":"com.crest.simplestats.metric","settings":{"group":"network","metric":"net-up","cpuPerCore":false,"cpuCore":1,"gpuIndex":0,"diskId":"","netIface":"","netPeriodSec":60,"pollIntervalSec":1,"warnThreshold":0,"topThreshold":5}}
2026-02-07T11:40:28.985Z render {"actionId":"db389dbc81368ccfaefa1eac96b7e622","manifestId":"com.crest.simplestats.metric","metric":"net-up","group":"network","display":{"label":"NET UP","value":"--","graphValue":null,"graphMax":null,"graphMinMax":10,"graphMin":0},"gpuIndex":0}
2026-02-07T11:40:28.985Z willAppear {"actionId":"57fabefe0871a185afeda98c7ab698b0","manifestId":"com.crest.simplestats.metric","settings":{"group":"gpu","metric":"gpu-top-compute","cpuPerCore":false,"cpuCore":1,"gpuIndex":0,"diskId":"","netIface":"","netPeriodSec":60,"pollIntervalSec":1,"warnThreshold":0,"topThreshold":0}}
2026-02-07T11:40:28.986Z render {"actionId":"57fabefe0871a185afeda98c7ab698b0","manifestId":"com.crest.simplestats.metric","metric":"gpu-top-compute","group":"gpu","display":{"label":"GPU TOP","value":"--","graphValue":null,"graphMax":100,"graphMinMax":null,"graphMin":0,"processName":null,"processIcon":null},"gpuIndex":0}
2026-02-07T11:40:28.986Z gpuSnapshot {"actionId":"57fabefe0871a185afeda98c7ab698b0","manifestId":"com.crest.simplestats.metric","gpuIndex":0,"loadPct":null,"vramPct":null,"vramUsed":null,"vramTotal":null,"tempC":null,"powerW":null,"name":null}
2026-02-07T11:40:28.989Z didReceiveSettings {"actionId":"3490cc6918bea7f6d1fcb97892ed667b","manifestId":"com.crest.simplestats.metric","settings":{"group":"disk","metric":"disk-activity","cpuPerCore":false,"cpuCore":1,"gpuIndex":0,"diskId":"U:","netIface":"","netPeriodSec":60,"pollIntervalSec":1,"warnThreshold":80,"topThreshold":5}}
2026-02-07T11:40:28.990Z didReceiveSettings {"actionId":"c7e6d020d28f2c0cdee7b5605ae674d2","manifestId":"com.crest.simplestats.metric","settings":{"group":"cpu","metric":"cpu-total","cpuPerCore":false,"cpuCore":1,"gpuIndex":0,"diskId":"","netIface":"","netPeriodSec":60,"pollIntervalSec":1,"warnThreshold":80,"topThreshold":5}}
2026-02-07T11:40:28.990Z didReceiveSettings {"actionId":"0ea91607512cacdb2264f0c5c6f5c8f1","manifestId":"com.crest.simplestats.metric","settings":{"group":"disk","metric":"disk-activity","cpuPerCore":false,"cpuCore":1,"gpuIndex":0,"diskId":"M:","netIface":"","netPeriodSec":60,"pollIntervalSec":1,"warnThreshold":80,"topThreshold":5}}
2026-02-07T11:40:28.991Z didReceiveSettings {"actionId":"9b18936bb444d8fbcbefc6833043a442","manifestId":"com.crest.simplestats.metric","settings":{"group":"cpu","metric":"top-cpu","cpuPerCore":false,"cpuCore":1,"gpuIndex":0,"diskId":"","netIface":"","netPeriodSec":60,"pollIntervalSec":1,"warnThreshold":75,"topThreshold":2}}
2026-02-07T11:40:28.991Z didReceiveSettings {"actionId":"2a959f354c9ecb0d71eee7897ad39032","manifestId":"com.crest.simplestats.metric","settings":{"group":"gpu","metric":"gpu-load","cpuPerCore":false,"cpuCore":1,"gpuIndex":0,"diskId":"","netIface":"","netPeriodSec":60,"pollIntervalSec":1,"warnThreshold":98,"topThreshold":5}}
2026-02-07T11:40:28.992Z didReceiveSettings {"actionId":"b927a8a52bb1c05d2af61b23f748a5e5","manifestId":"com.crest.simplestats.metric","settings":{"group":"memory","metric":"top-mem","cpuPerCore":false,"cpuCore":1,"gpuIndex":0,"diskId":"","netIface":"","netPeriodSec":60,"pollIntervalSec":1,"warnThreshold":80,"topThreshold":2}}
2026-02-07T11:40:28.992Z didReceiveSettings {"actionId":"56f83e501baab119d3939f6dd1142292","manifestId":"com.crest.simplestats.metric","settings":{"group":"gpu","metric":"gpu-top-compute","cpuPerCore":false,"cpuCore":1,"gpuIndex":0,"diskId":"","netIface":"","netPeriodSec":60,"pollIntervalSec":1,"warnThreshold":95,"topThreshold":2}}
2026-02-07T11:40:28.993Z didReceiveSettings {"actionId":"a7a77a748e875f2ac2b8eae7b37bc111","manifestId":"com.crest.simplestats.metric","settings":{"group":"memory","metric":"mem-total","cpuPerCore":false,"cpuCore":1,"gpuIndex":0,"diskId":"","netIface":"","netPeriodSec":60,"pollIntervalSec":1,"warnThreshold":80,"topThreshold":5}}
2026-02-07T11:40:28.993Z didReceiveSettings {"actionId":"599736e7acc3b1b09bfc59a331fff8ff","manifestId":"com.crest.simplestats.metric","settings":{"group":"disk","metric":"disk-activity","cpuPerCore":false,"cpuCore":1,"gpuIndex":0,"diskId":"","netIface":"","netPeriodSec":60,"pollIntervalSec":1,"warnThreshold":0,"topThreshold":5}}
2026-02-07T11:40:28.994Z didReceiveSettings {"actionId":"f380f9389341e67f35fbc008caf2caad","manifestId":"com.crest.simplestats.metric","settings":{"group":"memory","metric":"mem-total","cpuPerCore":false,"cpuCore":1,"gpuIndex":0,"diskId":"","netIface":"","netPeriodSec":60,"pollIntervalSec":1,"warnThreshold":0,"topThreshold":5}}
2026-02-07T11:40:28.995Z didReceiveSettings {"actionId":"e28df98e61e2f505ca7985843ced192f","manifestId":"com.crest.simplestats.metric","settings":{"group":"gpu","metric":"gpu-load","cpuPerCore":false,"cpuCore":1,"gpuIndex":0,"diskId":"","netIface":"","netPeriodSec":60,"pollIntervalSec":1,"warnThreshold":0,"topThreshold":5}}
2026-02-07T11:40:28.996Z didReceiveSettings {"actionId":"ce3eb8500c5c2dc69b943fdf8dd28758","manifestId":"com.crest.simplestats.metric","settings":{"group":"cpu","metric":"cpu-total","cpuPerCore":false,"cpuCore":1,"gpuIndex":0,"diskId":"","netIface":"","netPeriodSec":60,"pollIntervalSec":1,"warnThreshold":0,"topThreshold":5}}
2026-02-07T11:40:28.996Z didReceiveSettings {"actionId":"4e6de72aadb87d157c3ccf19b5c6d697","manifestId":"com.crest.simplestats.metric","settings":{"group":"disk","metric":"disk-used","cpuPerCore":false,"cpuCore":1,"gpuIndex":0,"diskId":"","netIface":"","netPeriodSec":60,"pollIntervalSec":1,"warnThreshold":0,"topThreshold":5}}
2026-02-07T11:40:28.997Z didReceiveSettings {"actionId":"42232239e255f7d8f4b3e05390b97020","manifestId":"com.crest.simplestats.metric","settings":{"group":"memory","metric":"mem-used","cpuPerCore":false,"cpuCore":1,"gpuIndex":0,"diskId":"","netIface":"","netPeriodSec":60,"pollIntervalSec":1,"warnThreshold":0,"topThreshold":5}}
2026-02-07T11:40:29.019Z didReceiveSettings {"actionId":"b80e8c5a78b363d08df7a2ab786fcf4a","manifestId":"com.crest.simplestats.metric","settings":{"group":"gpu","metric":"gpu-vram","cpuPerCore":false,"cpuCore":1,"gpuIndex":0,"diskId":"","netIface":"","netPeriodSec":60,"pollIntervalSec":1,"warnThreshold":0,"topThreshold":5}}
2026-02-07T11:40:29.020Z didReceiveSettings {"actionId":"4a1955355a5638db4ae95bb6c0732974","manifestId":"com.crest.simplestats.metric","settings":{"group":"cpu","metric":"cpu-core","cpuPerCore":true,"cpuCore":1,"gpuIndex":0,"diskId":"","netIface":"","netPeriodSec":60,"pollIntervalSec":1,"warnThreshold":0,"topThreshold":5}}
2026-02-07T11:40:29.021Z didReceiveSettings {"actionId":"fd64a8acbacfd674ab252a990cbe5825","manifestId":"com.crest.simplestats.metric","settings":{"group":"disk","metric":"disk-free","cpuPerCore":false,"cpuCore":1,"gpuIndex":0,"diskId":"","netIface":"","netPeriodSec":60,"pollIntervalSec":1,"warnThreshold":0,"topThreshold":5}}
2026-02-07T11:40:29.022Z didReceiveSettings {"actionId":"8ecf4a35c7fbbc2fe685e4c99cd6182e","manifestId":"com.crest.simplestats.metric","settings":{"group":"memory","metric":"top-mem","cpuPerCore":false,"cpuCore":1,"gpuIndex":0,"diskId":"","netIface":"","netPeriodSec":60,"pollIntervalSec":1,"warnThreshold":0,"topThreshold":0}}
2026-02-07T11:40:29.022Z didReceiveSettings {"actionId":"4172dfc21f8ff10fd3944fb09b17f3f9","manifestId":"com.crest.simplestats.metric","settings":{"group":"gpu","metric":"gpu-vram-used","cpuPerCore":false,"cpuCore":1,"gpuIndex":0,"diskId":"","netIface":"","netPeriodSec":60,"pollIntervalSec":1,"warnThreshold":0,"topThreshold":5}}
2026-02-07T11:40:29.023Z didReceiveSettings {"actionId":"4f4b4b9226a8d1858379f445c653c142","manifestId":"com.crest.simplestats.metric","settings":{"group":"cpu","metric":"cpu-peak","cpuPerCore":false,"cpuCore":1,"gpuIndex":0,"diskId":"","netIface":"","netPeriodSec":60,"pollIntervalSec":1,"warnThreshold":0,"topThreshold":5}}
2026-02-07T11:40:29.024Z didReceiveSettings {"actionId":"eb738fd7d79e94041d7b5b46c4aa08dd","manifestId":"com.crest.simplestats.metric","settings":{"group":"disk","metric":"disk-read","cpuPerCore":false,"cpuCore":1,"gpuIndex":0,"diskId":"","netIface":"","netPeriodSec":60,"pollIntervalSec":1,"warnThreshold":0,"topThreshold":5}}
2026-02-07T11:40:29.025Z didReceiveSettings {"actionId":"6834e6bc95004c7d3c0ad99ccf4439bd","manifestId":"com.crest.simplestats.metric","settings":{"group":"memory","metric":"top-mem-pct","cpuPerCore":false,"cpuCore":1,"gpuIndex":0,"diskId":"","netIface":"","netPeriodSec":60,"pollIntervalSec":1,"warnThreshold":0,"topThreshold":0}}
2026-02-07T11:40:29.025Z didReceiveSettings {"actionId":"dc0ea53f2377a31e5f72f44d0d3ccec5","manifestId":"com.crest.simplestats.metric","settings":{"group":"gpu","metric":"gpu-temp","cpuPerCore":false,"cpuCore":1,"gpuIndex":0,"diskId":"","netIface":"","netPeriodSec":60,"pollIntervalSec":1,"warnThreshold":0,"topThreshold":5}}
2026-02-07T11:40:29.026Z didReceiveSettings {"actionId":"68ac1cd8c4e971d695977a0caa60cea6","manifestId":"com.crest.simplestats.metric","settings":{"group":"cpu","metric":"top-cpu","cpuPerCore":false,"cpuCore":1,"gpuIndex":0,"diskId":"","netIface":"","netPeriodSec":60,"pollIntervalSec":1,"warnThreshold":0,"topThreshold":0}}
2026-02-07T11:40:29.027Z didReceiveSettings {"actionId":"17d9ca96a4999b87f0e3437479fd79ae","manifestId":"com.crest.simplestats.metric","settings":{"group":"disk","metric":"disk-write","cpuPerCore":false,"cpuCore":1,"gpuIndex":0,"diskId":"","netIface":"","netPeriodSec":60,"pollIntervalSec":1,"warnThreshold":0,"topThreshold":5}}
2026-02-07T11:40:29.028Z didReceiveSettings {"actionId":"3ea68a461cfe573c716a30551838bedf","manifestId":"com.crest.simplestats.metric","settings":{"group":"gpu","metric":"gpu-power","cpuPerCore":false,"cpuCore":1,"gpuIndex":0,"diskId":"","netIface":"","netPeriodSec":60,"pollIntervalSec":1,"warnThreshold":0,"topThreshold":5}}
2026-02-07T11:40:29.028Z didReceiveSettings {"actionId":"f6f54536816691298d830bc4887c5483","manifestId":"com.crest.simplestats.metric","settings":{"group":"network","metric":"net-up","cpuPerCore":false,"cpuCore":1,"gpuIndex":0,"diskId":"","netIface":"","netPeriodSec":60,"pollIntervalSec":5,"warnThreshold":0,"topThreshold":5}}
2026-02-07T11:40:29.029Z didReceiveSettings {"actionId":"59337ce586eccaf40720bbdc86da852f","manifestId":"com.crest.simplestats.metric","settings":{"group":"network","metric":"net-total","cpuPerCore":false,"cpuCore":1,"gpuIndex":0,"diskId":"","netIface":"","netPeriodSec":3600,"pollIntervalSec":1,"warnThreshold":0,"topThreshold":5}}
2026-02-07T11:40:29.029Z didReceiveSettings {"actionId":"ed08c45696d73f11f393d3396473cbd2","manifestId":"com.crest.simplestats.metric","settings":{"group":"network","metric":"net-total","cpuPerCore":false,"cpuCore":1,"gpuIndex":0,"diskId":"","netIface":"","netPeriodSec":60,"pollIntervalSec":1,"warnThreshold":0,"topThreshold":5}}
2026-02-07T11:40:29.030Z didReceiveSettings {"actionId":"b487ee51292153d9978899b8bc3e36b5","manifestId":"com.crest.simplestats.metric","settings":{"group":"network","metric":"net-down","cpuPerCore":false,"cpuCore":1,"gpuIndex":0,"diskId":"","netIface":"","netPeriodSec":60,"pollIntervalSec":1,"warnThreshold":0,"topThreshold":5}}
2026-02-07T11:40:29.031Z didReceiveSettings {"actionId":"db389dbc81368ccfaefa1eac96b7e622","manifestId":"com.crest.simplestats.metric","settings":{"group":"network","metric":"net-up","cpuPerCore":false,"cpuCore":1,"gpuIndex":0,"diskId":"","netIface":"","netPeriodSec":60,"pollIntervalSec":1,"warnThreshold":0,"topThreshold":5}}
2026-02-07T11:40:29.031Z didReceiveSettings {"actionId":"57fabefe0871a185afeda98c7ab698b0","manifestId":"com.crest.simplestats.metric","settings":{"group":"gpu","metric":"gpu-top-compute","cpuPerCore":false,"cpuCore":1,"gpuIndex":0,"diskId":"","netIface":"","netPeriodSec":60,"pollIntervalSec":1,"warnThreshold":0,"topThreshold":0}}
2026-02-07T11:40:29.945Z helperCpuMissing
2026-02-07T11:40:29.945Z helperMemMissing
2026-02-07T11:40:29.946Z render {"actionId":"3490cc6918bea7f6d1fcb97892ed667b","manifestId":"com.crest.simplestats.metric","metric":"disk-activity","group":"disk","display":{"label":"DSK ACTIVE %","value":"--","graphValue":null,"graphMax":100,"graphMinMax":null,"graphMin":0},"gpuIndex":0}
2026-02-07T11:40:29.946Z diskSnapshot {"actionId":"3490cc6918bea7f6d1fcb97892ed667b","manifestId":"com.crest.simplestats.metric","diskId":"U:","disk":null,"perfKeys":[],"perf":null,"totalActivityPct":null,"totalThroughput":{"readBps":null,"writeBps":null}}
2026-02-07T11:40:29.947Z render {"actionId":"c7e6d020d28f2c0cdee7b5605ae674d2","manifestId":"com.crest.simplestats.metric","metric":"cpu-total","group":"cpu","display":{"label":"CPU TOTAL","value":"--","graphValue":null,"graphMax":100,"graphMinMax":null,"graphMin":0},"gpuIndex":0}
2026-02-07T11:40:29.948Z render {"actionId":"0ea91607512cacdb2264f0c5c6f5c8f1","manifestId":"com.crest.simplestats.metric","metric":"disk-activity","group":"disk","display":{"label":"DSK ACTIVE %","value":"--","graphValue":null,"graphMax":100,"graphMinMax":null,"graphMin":0},"gpuIndex":0}
2026-02-07T11:40:29.948Z diskSnapshot {"actionId":"0ea91607512cacdb2264f0c5c6f5c8f1","manifestId":"com.crest.simplestats.metric","diskId":"M:","disk":null,"perfKeys":[],"perf":null,"totalActivityPct":null,"totalThroughput":{"readBps":null,"writeBps":null}}
2026-02-07T11:40:29.949Z render {"actionId":"9b18936bb444d8fbcbefc6833043a442","manifestId":"com.crest.simplestats.metric","metric":"top-cpu","group":"cpu","display":{"label":"TOP CPU","value":"IDLE","graphValue":null,"graphMax":100,"graphMinMax":null,"graphMin":0,"idle":true},"gpuIndex":0}
2026-02-07T11:40:29.949Z render {"actionId":"2a959f354c9ecb0d71eee7897ad39032","manifestId":"com.crest.simplestats.metric","metric":"gpu-load","group":"gpu","display":{"label":"GPU","value":"--","graphValue":null,"graphMax":100,"graphMinMax":null,"graphMin":0},"gpuIndex":0}
2026-02-07T11:40:29.950Z gpuSnapshot {"actionId":"2a959f354c9ecb0d71eee7897ad39032","manifestId":"com.crest.simplestats.metric","gpuIndex":0,"loadPct":null,"vramPct":null,"vramUsed":null,"vramTotal":null,"tempC":null,"powerW":null,"name":null}
2026-02-07T11:40:29.950Z render {"actionId":"b927a8a52bb1c05d2af61b23f748a5e5","manifestId":"com.crest.simplestats.metric","metric":"top-mem","group":"memory","display":{"label":"TOP MEM","value":"IDLE","graphValue":null,"graphMax":null,"graphMinMax":null,"graphMin":0,"idle":true},"gpuIndex":0}
2026-02-07T11:40:29.951Z render {"actionId":"56f83e501baab119d3939f6dd1142292","manifestId":"com.crest.simplestats.metric","metric":"gpu-top-compute","group":"gpu","display":{"label":"GPU TOP","value":"IDLE","graphValue":null,"graphMax":100,"graphMinMax":null,"graphMin":0,"idle":true},"gpuIndex":0}
2026-02-07T11:40:29.951Z gpuSnapshot {"actionId":"56f83e501baab119d3939f6dd1142292","manifestId":"com.crest.simplestats.metric","gpuIndex":0,"loadPct":null,"vramPct":null,"vramUsed":null,"vramTotal":null,"tempC":null,"powerW":null,"name":null}
2026-02-07T11:40:29.952Z render {"actionId":"a7a77a748e875f2ac2b8eae7b37bc111","manifestId":"com.crest.simplestats.metric","metric":"mem-total","group":"memory","display":{"label":"MEM","value":"--","graphValue":null,"graphMax":100,"graphMinMax":null,"graphMin":0},"gpuIndex":0}
2026-02-07T11:40:29.952Z render {"actionId":"599736e7acc3b1b09bfc59a331fff8ff","manifestId":"com.crest.simplestats.metric","metric":"disk-activity","group":"disk","display":{"label":"DSK ACTIVE %","value":"--","graphValue":null,"graphMax":100,"graphMinMax":null,"graphMin":0},"gpuIndex":0}
2026-02-07T11:40:29.953Z diskSnapshot {"actionId":"599736e7acc3b1b09bfc59a331fff8ff","manifestId":"com.crest.simplestats.metric","diskId":"","disk":null,"perfKeys":[],"perf":null,"totalActivityPct":null,"totalThroughput":{"readBps":null,"writeBps":null}}
2026-02-07T11:40:29.953Z render {"actionId":"f380f9389341e67f35fbc008caf2caad","manifestId":"com.crest.simplestats.metric","metric":"mem-total","group":"memory","display":{"label":"MEM","value":"--","graphValue":null,"graphMax":100,"graphMinMax":null,"graphMin":0},"gpuIndex":0}
2026-02-07T11:40:29.954Z render {"actionId":"e28df98e61e2f505ca7985843ced192f","manifestId":"com.crest.simplestats.metric","metric":"gpu-load","group":"gpu","display":{"label":"GPU","value":"--","graphValue":null,"graphMax":100,"graphMinMax":null,"graphMin":0},"gpuIndex":0}
2026-02-07T11:40:29.954Z gpuSnapshot {"actionId":"e28df98e61e2f505ca7985843ced192f","manifestId":"com.crest.simplestats.metric","gpuIndex":0,"loadPct":null,"vramPct":null,"vramUsed":null,"vramTotal":null,"tempC":null,"powerW":null,"name":null}
2026-02-07T11:40:29.954Z helperGpuMissing
2026-02-07T11:40:29.955Z render {"actionId":"ce3eb8500c5c2dc69b943fdf8dd28758","manifestId":"com.crest.simplestats.metric","metric":"cpu-total","group":"cpu","display":{"label":"CPU TOTAL","value":"--","graphValue":null,"graphMax":100,"graphMinMax":null,"graphMin":0},"gpuIndex":0}
2026-02-07T11:40:29.955Z helperDiskPerfMissing
2026-02-07T11:40:30.952Z render {"actionId":"3490cc6918bea7f6d1fcb97892ed667b","manifestId":"com.crest.simplestats.metric","metric":"disk-activity","group":"disk","display":{"label":"DSK ACTIVE %","value":"--","graphValue":null,"graphMax":100,"graphMinMax":null,"graphMin":0},"gpuIndex":0}
2026-02-07T11:40:30.952Z diskSnapshot {"actionId":"3490cc6918bea7f6d1fcb97892ed667b","manifestId":"com.crest.simplestats.metric","diskId":"U:","disk":null,"perfKeys":[],"perf":null,"totalActivityPct":null,"totalThroughput":{"readBps":null,"writeBps":null}}
2026-02-07T11:40:30.953Z render {"actionId":"c7e6d020d28f2c0cdee7b5605ae674d2","manifestId":"com.crest.simplestats.metric","metric":"cpu-total","group":"cpu","display":{"label":"CPU TOTAL","value":"--","graphValue":null,"graphMax":100,"graphMinMax":null,"graphMin":0},"gpuIndex":0}
2026-02-07T11:40:30.954Z render {"actionId":"0ea91607512cacdb2264f0c5c6f5c8f1","manifestId":"com.crest.simplestats.metric","metric":"disk-activity","group":"disk","display":{"label":"DSK ACTIVE %","value":"--","graphValue":null,"graphMax":100,"graphMinMax":null,"graphMin":0},"gpuIndex":0}
2026-02-07T11:40:30.954Z diskSnapshot {"actionId":"0ea91607512cacdb2264f0c5c6f5c8f1","manifestId":"com.crest.simplestats.metric","diskId":"M:","disk":null,"perfKeys":[],"perf":null,"totalActivityPct":null,"totalThroughput":{"readBps":null,"writeBps":null}}
2026-02-07T11:40:30.955Z render {"actionId":"9b18936bb444d8fbcbefc6833043a442","manifestId":"com.crest.simplestats.metric","metric":"top-cpu","group":"cpu","display":{"label":"TOP CPU","value":"IDLE","graphValue":null,"graphMax":100,"graphMinMax":null,"graphMin":0,"idle":true},"gpuIndex":0}
2026-02-07T11:40:30.955Z render {"actionId":"2a959f354c9ecb0d71eee7897ad39032","manifestId":"com.crest.simplestats.metric","metric":"gpu-load","group":"gpu","display":{"label":"GPU","value":"--","graphValue":null,"graphMax":100,"graphMinMax":null,"graphMin":0},"gpuIndex":0}
2026-02-07T11:40:30.956Z gpuSnapshot {"actionId":"2a959f354c9ecb0d71eee7897ad39032","manifestId":"com.crest.simplestats.metric","gpuIndex":0,"loadPct":null,"vramPct":null,"vramUsed":null,"vramTotal":null,"tempC":null,"powerW":null,"name":null}
2026-02-07T11:40:30.957Z render {"actionId":"b927a8a52bb1c05d2af61b23f748a5e5","manifestId":"com.crest.simplestats.metric","metric":"top-mem","group":"memory","display":{"label":"TOP MEM","value":"IDLE","graphValue":null,"graphMax":null,"graphMinMax":null,"graphMin":0,"idle":true},"gpuIndex":0}
2026-02-07T11:40:30.957Z render {"actionId":"56f83e501baab119d3939f6dd1142292","manifestId":"com.crest.simplestats.metric","metric":"gpu-top-compute","group":"gpu","display":{"label":"GPU TOP","value":"IDLE","graphValue":null,"graphMax":100,"graphMinMax":null,"graphMin":0,"idle":true},"gpuIndex":0}
2026-02-07T11:40:30.958Z gpuSnapshot {"actionId":"56f83e501baab119d3939f6dd1142292","manifestId":"com.crest.simplestats.metric","gpuIndex":0,"loadPct":null,"vramPct":null,"vramUsed":null,"vramTotal":null,"tempC":null,"powerW":null,"name":null}
2026-02-07T11:40:30.958Z render {"actionId":"a7a77a748e875f2ac2b8eae7b37bc111","manifestId":"com.crest.simplestats.metric","metric":"mem-total","group":"memory","display":{"label":"MEM","value":"--","graphValue":null,"graphMax":100,"graphMinMax":null,"graphMin":0},"gpuIndex":0}
2026-02-07T11:40:30.959Z render {"actionId":"599736e7acc3b1b09bfc59a331fff8ff","manifestId":"com.crest.simplestats.metric","metric":"disk-activity","group":"disk","display":{"label":"DSK ACTIVE %","value":"--","graphValue":null,"graphMax":100,"graphMinMax":null,"graphMin":0},"gpuIndex":0}
2026-02-07T11:40:30.959Z diskSnapshot {"actionId":"599736e7acc3b1b09bfc59a331fff8ff","manifestId":"com.crest.simplestats.metric","diskId":"","disk":null,"perfKeys":[],"perf":null,"totalActivityPct":null,"totalThroughput":{"readBps":null,"writeBps":null}}
2026-02-07T11:40:30.960Z render {"actionId":"f380f9389341e67f35fbc008caf2caad","manifestId":"com.crest.simplestats.metric","metric":"mem-total","group":"memory","display":{"label":"MEM","value":"--","graphValue":null,"graphMax":100,"graphMinMax":null,"graphMin":0},"gpuIndex":0}
2026-02-07T11:40:30.960Z render {"actionId":"e28df98e61e2f505ca7985843ced192f","manifestId":"com.crest.simplestats.metric","metric":"gpu-load","group":"gpu","display":{"label":"GPU","value":"--","graphValue":null,"graphMax":100,"graphMinMax":null,"graphMin":0},"gpuIndex":0}
2026-02-07T11:40:30.961Z gpuSnapshot {"actionId":"e28df98e61e2f505ca7985843ced192f","manifestId":"com.crest.simplestats.metric","gpuIndex":0,"loadPct":null,"vramPct":null,"vramUsed":null,"vramTotal":null,"tempC":null,"powerW":null,"name":null}
2026-02-07T11:40:30.962Z render {"actionId":"ce3eb8500c5c2dc69b943fdf8dd28758","manifestId":"com.crest.simplestats.metric","metric":"cpu-total","group":"cpu","display":{"label":"CPU TOTAL","value":"--","graphValue":null,"graphMax":100,"graphMinMax":null,"graphMin":0},"gpuIndex":0}
2026-02-07T11:40:30.963Z render {"actionId":"42232239e255f7d8f4b3e05390b97020","manifestId":"com.crest.simplestats.metric","metric":"mem-used","group":"memory","display":{"label":"MEM","value":"--","graphValue":null,"graphMax":null,"graphMinMax":null,"graphMin":0},"gpuIndex":0}
2026-02-07T11:40:30.963Z render {"actionId":"b80e8c5a78b363d08df7a2ab786fcf4a","manifestId":"com.crest.simplestats.metric","metric":"gpu-vram","group":"gpu","display":{"label":"VRAM","value":"--","graphValue":null,"graphMax":100,"graphMinMax":null,"graphMin":0},"gpuIndex":0}
2026-02-07T11:40:30.964Z gpuSnapshot {"actionId":"b80e8c5a78b363d08df7a2ab786fcf4a","manifestId":"com.crest.simplestats.metric","gpuIndex":0,"loadPct":null,"vramPct":null,"vramUsed":null,"vramTotal":null,"tempC":null,"powerW":null,"name":null}
2026-02-07T11:40:30.965Z render {"actionId":"4a1955355a5638db4ae95bb6c0732974","manifestId":"com.crest.simplestats.metric","metric":"cpu-core","group":"cpu","display":{"label":"CPU C1","value":"--","graphValue":null,"graphMax":100,"graphMinMax":null,"graphMin":0},"gpuIndex":0}
2026-02-07T11:40:30.965Z render {"actionId":"8ecf4a35c7fbbc2fe685e4c99cd6182e","manifestId":"com.crest.simplestats.metric","metric":"top-mem","group":"memory","display":{"label":"TOP MEM","value":"--","graphValue":null,"graphMax":null,"graphMinMax":null,"graphMin":0,"processName":null,"processIcon":null},"gpuIndex":0}
2026-02-07T11:40:30.966Z render {"actionId":"4172dfc21f8ff10fd3944fb09b17f3f9","manifestId":"com.crest.simplestats.metric","metric":"gpu-vram-used","group":"gpu","display":{"label":"VRAM","value":"--","graphValue":null,"graphMax":null,"graphMinMax":null,"graphMin":0},"gpuIndex":0}
2026-02-07T11:40:30.966Z gpuSnapshot {"actionId":"4172dfc21f8ff10fd3944fb09b17f3f9","manifestId":"com.crest.simplestats.metric","gpuIndex":0,"loadPct":null,"vramPct":null,"vramUsed":null,"vramTotal":null,"tempC":null,"powerW":null,"name":null}
2026-02-07T11:40:30.967Z render {"actionId":"4f4b4b9226a8d1858379f445c653c142","manifestId":"com.crest.simplestats.metric","metric":"cpu-peak","group":"cpu","display":{"label":"CPU PEAK","value":"--","graphValue":null,"graphMax":100,"graphMinMax":null,"graphMin":0},"gpuIndex":0}
2026-02-07T11:40:30.968Z render {"actionId":"eb738fd7d79e94041d7b5b46c4aa08dd","manifestId":"com.crest.simplestats.metric","metric":"disk-read","group":"disk","display":{"label":"DSK READ","value":"--","graphValue":null,"graphMax":null,"graphMinMax":null,"graphMin":0},"gpuIndex":0}
2026-02-07T11:40:30.968Z diskSnapshot {"actionId":"eb738fd7d79e94041d7b5b46c4aa08dd","manifestId":"com.crest.simplestats.metric","diskId":"","disk":null,"perfKeys":[],"perf":null,"totalActivityPct":null,"totalThroughput":{"readBps":null,"writeBps":null}}
2026-02-07T11:40:30.969Z render {"actionId":"6834e6bc95004c7d3c0ad99ccf4439bd","manifestId":"com.crest.simplestats.metric","metric":"top-mem-pct","group":"memory","display":{"label":"TOP MEM %","value":"--","graphValue":null,"graphMax":100,"graphMinMax":null,"graphMin":0,"processName":null,"processIcon":null},"gpuIndex":0}
2026-02-07T11:40:30.969Z render {"actionId":"dc0ea53f2377a31e5f72f44d0d3ccec5","manifestId":"com.crest.simplestats.metric","metric":"gpu-temp","group":"gpu","display":{"label":"GPU TEMP","value":"--","graphValue":null,"graphMax":100,"graphMinMax":null,"graphMin":20},"gpuIndex":0}
2026-02-07T11:40:30.970Z gpuSnapshot {"actionId":"dc0ea53f2377a31e5f72f44d0d3ccec5","manifestId":"com.crest.simplestats.metric","gpuIndex":0,"loadPct":null,"vramPct":null,"vramUsed":null,"vramTotal":null,"tempC":null,"powerW":null,"name":null}
2026-02-07T11:40:30.971Z render {"actionId":"68ac1cd8c4e971d695977a0caa60cea6","manifestId":"com.crest.simplestats.metric","metric":"top-cpu","group":"cpu","display":{"label":"TOP CPU","value":"--","graphValue":null,"graphMax":100,"graphMinMax":null,"graphMin":0,"processName":null,"processIcon":null},"gpuIndex":0}
2026-02-07T11:40:30.971Z render {"actionId":"17d9ca96a4999b87f0e3437479fd79ae","manifestId":"com.crest.simplestats.metric","metric":"disk-write","group":"disk","display":{"label":"DSK WRITE","value":"--","graphValue":null,"graphMax":null,"graphMinMax":null,"graphMin":0},"gpuIndex":0}
2026-02-07T11:40:30.972Z diskSnapshot {"actionId":"17d9ca96a4999b87f0e3437479fd79ae","manifestId":"com.crest.simplestats.metric","diskId":"","disk":null,"perfKeys":[],"perf":null,"totalActivityPct":null,"totalThroughput":{"readBps":null,"writeBps":null}}
2026-02-07T11:40:30.972Z render {"actionId":"3ea68a461cfe573c716a30551838bedf","manifestId":"com.crest.simplestats.metric","metric":"gpu-power","group":"gpu","display":{"label":"GPU","value":"--","graphValue":null,"graphMax":null,"graphMinMax":null,"graphMin":0},"gpuIndex":0}
2026-02-07T11:40:30.973Z gpuSnapshot {"actionId":"3ea68a461cfe573c716a30551838bedf","manifestId":"com.crest.simplestats.metric","gpuIndex":0,"loadPct":null,"vramPct":null,"vramUsed":null,"vramTotal":null,"tempC":null,"powerW":null,"name":null}
2026-02-07T11:40:30.973Z render {"actionId":"59337ce586eccaf40720bbdc86da852f","manifestId":"com.crest.simplestats.metric","metric":"net-total","group":"network","display":{"label":"NET 1H","value":"221M","graphValue":null,"graphMax":null,"graphMinMax":null,"graphMin":0},"gpuIndex":0}
2026-02-07T11:40:30.974Z render {"actionId":"ed08c45696d73f11f393d3396473cbd2","manifestId":"com.crest.simplestats.metric","metric":"net-total","group":"network","display":{"label":"NET 1M","value":"--","graphValue":null,"graphMax":null,"graphMinMax":null,"graphMin":0},"gpuIndex":0}
2026-02-07T11:40:30.975Z render {"actionId":"b487ee51292153d9978899b8bc3e36b5","manifestId":"com.crest.simplestats.metric","metric":"net-down","group":"network","display":{"label":"NET DOWN","value":"--","graphValue":null,"graphMax":null,"graphMinMax":10,"graphMin":0},"gpuIndex":0}
2026-02-07T11:40:30.975Z render {"actionId":"db389dbc81368ccfaefa1eac96b7e622","manifestId":"com.crest.simplestats.metric","metric":"net-up","group":"network","display":{"label":"NET UP","value":"--","graphValue":null,"graphMax":null,"graphMinMax":10,"graphMin":0},"gpuIndex":0}
2026-02-07T11:40:30.976Z render {"actionId":"57fabefe0871a185afeda98c7ab698b0","manifestId":"com.crest.simplestats.metric","metric":"gpu-top-compute","group":"gpu","display":{"label":"GPU TOP","value":"--","graphValue":null,"graphMax":100,"graphMinMax":null,"graphMin":0,"processName":null,"processIcon":null},"gpuIndex":0}
2026-02-07T11:40:30.977Z gpuSnapshot {"actionId":"57fabefe0871a185afeda98c7ab698b0","manifestId":"com.crest.simplestats.metric","gpuIndex":0,"loadPct":null,"vramPct":null,"vramUsed":null,"vramTotal":null,"tempC":null,"powerW":null,"name":null}
2026-02-07T11:40:31.962Z render {"actionId":"3490cc6918bea7f6d1fcb97892ed667b","manifestId":"com.crest.simplestats.metric","metric":"disk-activity","group":"disk","display":{"label":"DSK ACTIVE %","value":"--","graphValue":null,"graphMax":100,"graphMinMax":null,"graphMin":0},"gpuIndex":0}
2026-02-07T11:40:31.962Z diskSnapshot {"actionId":"3490cc6918bea7f6d1fcb97892ed667b","manifestId":"com.crest.simplestats.metric","diskId":"U:","disk":null,"perfKeys":[],"perf":null,"totalActivityPct":null,"totalThroughput":{"readBps":null,"writeBps":null}}
2026-02-07T11:40:31.963Z render {"actionId":"c7e6d020d28f2c0cdee7b5605ae674d2","manifestId":"com.crest.simplestats.metric","metric":"cpu-total","group":"cpu","display":{"label":"CPU TOTAL","value":"--","graphValue":null,"graphMax":100,"graphMinMax":null,"graphMin":0},"gpuIndex":0}
2026-02-07T11:40:31.963Z render {"actionId":"0ea91607512cacdb2264f0c5c6f5c8f1","manifestId":"com.crest.simplestats.metric","metric":"disk-activity","group":"disk","display":{"label":"DSK ACTIVE %","value":"--","graphValue":null,"graphMax":100,"graphMinMax":null,"graphMin":0},"gpuIndex":0}
2026-02-07T11:40:31.964Z diskSnapshot {"actionId":"0ea91607512cacdb2264f0c5c6f5c8f1","manifestId":"com.crest.simplestats.metric","diskId":"M:","disk":null,"perfKeys":[],"perf":null,"totalActivityPct":null,"totalThroughput":{"readBps":null,"writeBps":null}}
2026-02-07T11:40:31.964Z render {"actionId":"9b18936bb444d8fbcbefc6833043a442","manifestId":"com.crest.simplestats.metric","metric":"top-cpu","group":"cpu","display":{"label":"TOP CPU","value":"IDLE","graphValue":null,"graphMax":100,"graphMinMax":null,"graphMin":0,"idle":true},"gpuIndex":0}
2026-02-07T11:40:31.965Z render {"actionId":"2a959f354c9ecb0d71eee7897ad39032","manifestId":"com.crest.simplestats.metric","metric":"gpu-load","group":"gpu","display":{"label":"GPU","value":"--","graphValue":null,"graphMax":100,"graphMinMax":null,"graphMin":0},"gpuIndex":0}
2026-02-07T11:40:31.965Z gpuSnapshot {"actionId":"2a959f354c9ecb0d71eee7897ad39032","manifestId":"com.crest.simplestats.metric","gpuIndex":0,"loadPct":null,"vramPct":null,"vramUsed":null,"vramTotal":null,"tempC":null,"powerW":null,"name":null}
2026-02-07T11:40:31.966Z render {"actionId":"b927a8a52bb1c05d2af61b23f748a5e5","manifestId":"com.crest.simplestats.metric","metric":"top-mem","group":"memory","display":{"label":"TOP MEM","value":"IDLE","graphValue":null,"graphMax":null,"graphMinMax":null,"graphMin":0,"idle":true},"gpuIndex":0}
2026-02-07T11:40:31.966Z render {"actionId":"56f83e501baab119d3939f6dd1142292","manifestId":"com.crest.simplestats.metric","metric":"gpu-top-compute","group":"gpu","display":{"label":"GPU TOP","value":"IDLE","graphValue":null,"graphMax":100,"graphMinMax":null,"graphMin":0,"idle":true},"gpuIndex":0}
2026-02-07T11:40:31.967Z gpuSnapshot {"actionId":"56f83e501baab119d3939f6dd1142292","manifestId":"com.crest.simplestats.metric","gpuIndex":0,"loadPct":null,"vramPct":null,"vramUsed":null,"vramTotal":null,"tempC":null,"powerW":null,"name":null}
2026-02-07T11:40:31.968Z render {"actionId":"a7a77a748e875f2ac2b8eae7b37bc111","manifestId":"com.crest.simplestats.metric","metric":"mem-total","group":"memory","display":{"label":"MEM","value":"--","graphValue":null,"graphMax":100,"graphMinMax":null,"graphMin":0},"gpuIndex":0}
2026-02-07T11:40:31.968Z render {"actionId":"599736e7acc3b1b09bfc59a331fff8ff","manifestId":"com.crest.simplestats.metric","metric":"disk-activity","group":"disk","display":{"label":"DSK ACTIVE %","value":"--","graphValue":null,"graphMax":100,"graphMinMax":null,"graphMin":0},"gpuIndex":0}
2026-02-07T11:40:31.968Z diskSnapshot {"actionId":"599736e7acc3b1b09bfc59a331fff8ff","manifestId":"com.crest.simplestats.metric","diskId":"","disk":null,"perfKeys":[],"perf":null,"totalActivityPct":null,"totalThroughput":{"readBps":null,"writeBps":null}}
2026-02-07T11:40:31.969Z render {"actionId":"f380f9389341e67f35fbc008caf2caad","manifestId":"com.crest.simplestats.metric","metric":"mem-total","group":"memory","display":{"label":"MEM","value":"--","graphValue":null,"graphMax":100,"graphMinMax":null,"graphMin":0},"gpuIndex":0}
2026-02-07T11:40:31.970Z render {"actionId":"e28df98e61e2f505ca7985843ced192f","manifestId":"com.crest.simplestats.metric","metric":"gpu-load","group":"gpu","display":{"label":"GPU","value":"--","graphValue":null,"graphMax":100,"graphMinMax":null,"graphMin":0},"gpuIndex":0}
2026-02-07T11:40:31.970Z gpuSnapshot {"actionId":"e28df98e61e2f505ca7985843ced192f","manifestId":"com.crest.simplestats.metric","gpuIndex":0,"loadPct":null,"vramPct":null,"vramUsed":null,"vramTotal":null,"tempC":null,"powerW":null,"name":null}
2026-02-07T11:40:31.971Z render {"actionId":"ce3eb8500c5c2dc69b943fdf8dd28758","manifestId":"com.crest.simplestats.metric","metric":"cpu-total","group":"cpu","display":{"label":"CPU TOTAL","value":"--","graphValue":null,"graphMax":100,"graphMinMax":null,"graphMin":0},"gpuIndex":0}
2026-02-07T11:40:31.971Z render {"actionId":"42232239e255f7d8f4b3e05390b97020","manifestId":"com.crest.simplestats.metric","metric":"mem-used","group":"memory","display":{"label":"MEM","value":"--","graphValue":null,"graphMax":null,"graphMinMax":null,"graphMin":0},"gpuIndex":0}
2026-02-07T11:40:31.972Z render {"actionId":"b80e8c5a78b363d08df7a2ab786fcf4a","manifestId":"com.crest.simplestats.metric","metric":"gpu-vram","group":"gpu","display":{"label":"VRAM","value":"--","graphValue":null,"graphMax":100,"graphMinMax":null,"graphMin":0},"gpuIndex":0}
2026-02-07T11:40:31.972Z gpuSnapshot {"actionId":"b80e8c5a78b363d08df7a2ab786fcf4a","manifestId":"com.crest.simplestats.metric","gpuIndex":0,"loadPct":null,"vramPct":null,"vramUsed":null,"vramTotal":null,"tempC":null,"powerW":null,"name":null}
2026-02-07T11:40:31.973Z render {"actionId":"4a1955355a5638db4ae95bb6c0732974","manifestId":"com.crest.simplestats.metric","metric":"cpu-core","group":"cpu","display":{"label":"CPU C1","value":"--","graphValue":null,"graphMax":100,"graphMinMax":null,"graphMin":0},"gpuIndex":0}
2026-02-07T11:40:31.974Z render {"actionId":"8ecf4a35c7fbbc2fe685e4c99cd6182e","manifestId":"com.crest.simplestats.metric","metric":"top-mem","group":"memory","display":{"label":"TOP MEM","value":"--","graphValue":null,"graphMax":null,"graphMinMax":null,"graphMin":0,"processName":null,"processIcon":null},"gpuIndex":0}
2026-02-07T11:40:31.974Z render {"actionId":"4172dfc21f8ff10fd3944fb09b17f3f9","manifestId":"com.crest.simplestats.metric","metric":"gpu-vram-used","group":"gpu","display":{"label":"VRAM","value":"--","graphValue":null,"graphMax":null,"graphMinMax":null,"graphMin":0},"gpuIndex":0}
2026-02-07T11:40:31.975Z gpuSnapshot {"actionId":"4172dfc21f8ff10fd3944fb09b17f3f9","manifestId":"com.crest.simplestats.metric","gpuIndex":0,"loadPct":null,"vramPct":null,"vramUsed":null,"vramTotal":null,"tempC":null,"powerW":null,"name":null}
2026-02-07T11:40:31.975Z render {"actionId":"4f4b4b9226a8d1858379f445c653c142","manifestId":"com.crest.simplestats.metric","metric":"cpu-peak","group":"cpu","display":{"label":"CPU PEAK","value":"--","graphValue":null,"graphMax":100,"graphMinMax":null,"graphMin":0},"gpuIndex":0}
2026-02-07T11:40:31.976Z render {"actionId":"eb738fd7d79e94041d7b5b46c4aa08dd","manifestId":"com.crest.simplestats.metric","metric":"disk-read","group":"disk","display":{"label":"DSK READ","value":"--","graphValue":null,"graphMax":null,"graphMinMax":null,"graphMin":0},"gpuIndex":0}
2026-02-07T11:40:31.976Z diskSnapshot {"actionId":"eb738fd7d79e94041d7b5b46c4aa08dd","manifestId":"com.crest.simplestats.metric","diskId":"","disk":null,"perfKeys":[],"perf":null,"totalActivityPct":null,"totalThroughput":{"readBps":null,"writeBps":null}}
2026-02-07T11:40:31.977Z render {"actionId":"6834e6bc95004c7d3c0ad99ccf4439bd","manifestId":"com.crest.simplestats.metric","metric":"top-mem-pct","group":"memory","display":{"label":"TOP MEM %","value":"--","graphValue":null,"graphMax":100,"graphMinMax":null,"graphMin":0,"processName":null,"processIcon":null},"gpuIndex":0}
2026-02-07T11:40:31.978Z render {"actionId":"dc0ea53f2377a31e5f72f44d0d3ccec5","manifestId":"com.crest.simplestats.metric","metric":"gpu-temp","group":"gpu","display":{"label":"GPU TEMP","value":"--","graphValue":null,"graphMax":100,"graphMinMax":null,"graphMin":20},"gpuIndex":0}
2026-02-07T11:40:31.978Z gpuSnapshot {"actionId":"dc0ea53f2377a31e5f72f44d0d3ccec5","manifestId":"com.crest.simplestats.metric","gpuIndex":0,"loadPct":null,"vramPct":null,"vramUsed":null,"vramTotal":null,"tempC":null,"powerW":null,"name":null}
2026-02-07T11:40:31.979Z render {"actionId":"68ac1cd8c4e971d695977a0caa60cea6","manifestId":"com.crest.simplestats.metric","metric":"top-cpu","group":"cpu","display":{"label":"TOP CPU","value":"--","graphValue":null,"graphMax":100,"graphMinMax":null,"graphMin":0,"processName":null,"processIcon":null},"gpuIndex":0}
2026-02-07T11:40:31.980Z render {"actionId":"17d9ca96a4999b87f0e3437479fd79ae","manifestId":"com.crest.simplestats.metric","metric":"disk-write","group":"disk","display":{"label":"DSK WRITE","value":"--","graphValue":null,"graphMax":null,"graphMinMax":null,"graphMin":0},"gpuIndex":0}
2026-02-07T11:40:31.980Z diskSnapshot {"actionId":"17d9ca96a4999b87f0e3437479fd79ae","manifestId":"com.crest.simplestats.metric","diskId":"","disk":null,"perfKeys":[],"perf":null,"totalActivityPct":null,"totalThroughput":{"readBps":null,"writeBps":null}}
2026-02-07T11:40:31.980Z render {"actionId":"3ea68a461cfe573c716a30551838bedf","manifestId":"com.crest.simplestats.metric","metric":"gpu-power","group":"gpu","display":{"label":"GPU","value":"--","graphValue":null,"graphMax":null,"graphMinMax":null,"graphMin":0},"gpuIndex":0}
2026-02-07T11:40:31.981Z gpuSnapshot {"actionId":"3ea68a461cfe573c716a30551838bedf","manifestId":"com.crest.simplestats.metric","gpuIndex":0,"loadPct":null,"vramPct":null,"vramUsed":null,"vramTotal":null,"tempC":null,"powerW":null,"name":null}
2026-02-07T11:40:31.981Z render {"actionId":"59337ce586eccaf40720bbdc86da852f","manifestId":"com.crest.simplestats.metric","metric":"net-total","group":"network","display":{"label":"NET 1H","value":"221M","graphValue":null,"graphMax":null,"graphMinMax":null,"graphMin":0},"gpuIndex":0}
2026-02-07T11:40:31.982Z render {"actionId":"ed08c45696d73f11f393d3396473cbd2","manifestId":"com.crest.simplestats.metric","metric":"net-total","group":"network","display":{"label":"NET 1M","value":"--","graphValue":null,"graphMax":null,"graphMinMax":null,"graphMin":0},"gpuIndex":0}
2026-02-07T11:40:31.983Z render {"actionId":"b487ee51292153d9978899b8bc3e36b5","manifestId":"com.crest.simplestats.metric","metric":"net-down","group":"network","display":{"label":"NET DOWN","value":"--","graphValue":null,"graphMax":null,"graphMinMax":10,"graphMin":0},"gpuIndex":0}
2026-02-07T11:40:31.983Z render {"actionId":"db389dbc81368ccfaefa1eac96b7e622","manifestId":"com.crest.simplestats.metric","metric":"net-up","group":"network","display":{"label":"NET UP","value":"--","graphValue":null,"graphMax":null,"graphMinMax":10,"graphMin":0},"gpuIndex":0}
2026-02-07T11:40:31.984Z render {"actionId":"57fabefe0871a185afeda98c7ab698b0","manifestId":"com.crest.simplestats.metric","metric":"gpu-top-compute","group":"gpu","display":{"label":"GPU TOP","value":"--","graphValue":null,"graphMax":100,"graphMinMax":null,"graphMin":0,"processName":null,"processIcon":null},"gpuIndex":0}
2026-02-07T11:40:31.984Z gpuSnapshot {"actionId":"57fabefe0871a185afeda98c7ab698b0","manifestId":"com.crest.simplestats.metric","gpuIndex":0,"loadPct":null,"vramPct":null,"vramUsed":null,"vramTotal":null,"tempC":null,"powerW":null,"name":null}
2026-02-07T11:40:33.978Z render {"actionId":"42232239e255f7d8f4b3e05390b97020","manifestId":"com.crest.simplestats.metric","metric":"mem-used","group":"memory","display":{"label":"MEM","value":"--","graphValue":null,"graphMax":null,"graphMinMax":null,"graphMin":0},"gpuIndex":0}
2026-02-07T11:40:33.979Z render {"actionId":"b80e8c5a78b363d08df7a2ab786fcf4a","manifestId":"com.crest.simplestats.metric","metric":"gpu-vram","group":"gpu","display":{"label":"VRAM","value":"--","graphValue":null,"graphMax":100,"graphMinMax":null,"graphMin":0},"gpuIndex":0}
2026-02-07T11:40:33.980Z gpuSnapshot {"actionId":"b80e8c5a78b363d08df7a2ab786fcf4a","manifestId":"com.crest.simplestats.metric","gpuIndex":0,"loadPct":null,"vramPct":null,"vramUsed":null,"vramTotal":null,"tempC":null,"powerW":null,"name":null}
2026-02-07T11:40:33.981Z render {"actionId":"4a1955355a5638db4ae95bb6c0732974","manifestId":"com.crest.simplestats.metric","metric":"cpu-core","group":"cpu","display":{"label":"CPU C1","value":"--","graphValue":null,"graphMax":100,"graphMinMax":null,"graphMin":0},"gpuIndex":0}
2026-02-07T11:40:33.981Z render {"actionId":"8ecf4a35c7fbbc2fe685e4c99cd6182e","manifestId":"com.crest.simplestats.metric","metric":"top-mem","group":"memory","display":{"label":"TOP MEM","value":"--","graphValue":null,"graphMax":null,"graphMinMax":null,"graphMin":0,"processName":null,"processIcon":null},"gpuIndex":0}
2026-02-07T11:40:33.982Z render {"actionId":"4172dfc21f8ff10fd3944fb09b17f3f9","manifestId":"com.crest.simplestats.metric","metric":"gpu-vram-used","group":"gpu","display":{"label":"VRAM","value":"--","graphValue":null,"graphMax":null,"graphMinMax":null,"graphMin":0},"gpuIndex":0}
2026-02-07T11:40:33.983Z gpuSnapshot {"actionId":"4172dfc21f8ff10fd3944fb09b17f3f9","manifestId":"com.crest.simplestats.metric","gpuIndex":0,"loadPct":null,"vramPct":null,"vramUsed":null,"vramTotal":null,"tempC":null,"powerW":null,"name":null}
2026-02-07T11:40:33.983Z render {"actionId":"4f4b4b9226a8d1858379f445c653c142","manifestId":"com.crest.simplestats.metric","metric":"cpu-peak","group":"cpu","display":{"label":"CPU PEAK","value":"--","graphValue":null,"graphMax":100,"graphMinMax":null,"graphMin":0},"gpuIndex":0}
2026-02-07T11:40:33.984Z render {"actionId":"eb738fd7d79e94041d7b5b46c4aa08dd","manifestId":"com.crest.simplestats.metric","metric":"disk-read","group":"disk","display":{"label":"DSK READ","value":"--","graphValue":null,"graphMax":null,"graphMinMax":null,"graphMin":0},"gpuIndex":0}
2026-02-07T11:40:33.984Z diskSnapshot {"actionId":"eb738fd7d79e94041d7b5b46c4aa08dd","manifestId":"com.crest.simplestats.metric","diskId":"","disk":null,"perfKeys":[],"perf":null,"totalActivityPct":null,"totalThroughput":{"readBps":null,"writeBps":null}}
2026-02-07T11:40:33.985Z render {"actionId":"6834e6bc95004c7d3c0ad99ccf4439bd","manifestId":"com.crest.simplestats.metric","metric":"top-mem-pct","group":"memory","display":{"label":"TOP MEM %","value":"--","graphValue":null,"graphMax":100,"graphMinMax":null,"graphMin":0,"processName":null,"processIcon":null},"gpuIndex":0}
2026-02-07T11:40:33.986Z render {"actionId":"dc0ea53f2377a31e5f72f44d0d3ccec5","manifestId":"com.crest.simplestats.metric","metric":"gpu-temp","group":"gpu","display":{"label":"GPU TEMP","value":"--","graphValue":null,"graphMax":100,"graphMinMax":null,"graphMin":20},"gpuIndex":0}
2026-02-07T11:40:33.986Z gpuSnapshot {"actionId":"dc0ea53f2377a31e5f72f44d0d3ccec5","manifestId":"com.crest.simplestats.metric","gpuIndex":0,"loadPct":null,"vramPct":null,"vramUsed":null,"vramTotal":null,"tempC":null,"powerW":null,"name":null}
2026-02-07T11:40:33.987Z render {"actionId":"68ac1cd8c4e971d695977a0caa60cea6","manifestId":"com.crest.simplestats.metric","metric":"top-cpu","group":"cpu","display":{"label":"TOP CPU","value":"--","graphValue":null,"graphMax":100,"graphMinMax":null,"graphMin":0,"processName":null,"processIcon":null},"gpuIndex":0}
2026-02-07T11:40:33.987Z render {"actionId":"17d9ca96a4999b87f0e3437479fd79ae","manifestId":"com.crest.simplestats.metric","metric":"disk-write","group":"disk","display":{"label":"DSK WRITE","value":"--","graphValue":null,"graphMax":null,"graphMinMax":null,"graphMin":0},"gpuIndex":0}
2026-02-07T11:40:33.988Z diskSnapshot {"actionId":"17d9ca96a4999b87f0e3437479fd79ae","manifestId":"com.crest.simplestats.metric","diskId":"","disk":null,"perfKeys":[],"perf":null,"totalActivityPct":null,"totalThroughput":{"readBps":null,"writeBps":null}}
2026-02-07T11:40:33.988Z render {"actionId":"3ea68a461cfe573c716a30551838bedf","manifestId":"com.crest.simplestats.metric","metric":"gpu-power","group":"gpu","display":{"label":"GPU","value":"--","graphValue":null,"graphMax":null,"graphMinMax":null,"graphMin":0},"gpuIndex":0}
2026-02-07T11:40:33.989Z gpuSnapshot {"actionId":"3ea68a461cfe573c716a30551838bedf","manifestId":"com.crest.simplestats.metric","gpuIndex":0,"loadPct":null,"vramPct":null,"vramUsed":null,"vramTotal":null,"tempC":null,"powerW":null,"name":null}
2026-02-07T11:40:33.990Z render {"actionId":"f6f54536816691298d830bc4887c5483","manifestId":"com.crest.simplestats.metric","metric":"net-up","group":"network","display":{"label":"NET UP","value":"--","graphValue":null,"graphMax":null,"graphMinMax":10,"graphMin":0},"gpuIndex":0}
2026-02-07T11:40:33.990Z render {"actionId":"59337ce586eccaf40720bbdc86da852f","manifestId":"com.crest.simplestats.metric","metric":"net-total","group":"network","display":{"label":"NET 1H","value":"221M","graphValue":null,"graphMax":null,"graphMinMax":null,"graphMin":0},"gpuIndex":0}
2026-02-07T11:40:33.991Z render {"actionId":"ed08c45696d73f11f393d3396473cbd2","manifestId":"com.crest.simplestats.metric","metric":"net-total","group":"network","display":{"label":"NET 1M","value":"--","graphValue":null,"graphMax":null,"graphMinMax":null,"graphMin":0},"gpuIndex":0}
2026-02-07T11:40:33.992Z render {"actionId":"b487ee51292153d9978899b8bc3e36b5","manifestId":"com.crest.simplestats.metric","metric":"net-down","group":"network","display":{"label":"NET DOWN","value":"--","graphValue":null,"graphMax":null,"graphMinMax":10,"graphMin":0},"gpuIndex":0}
2026-02-07T11:40:33.992Z render {"actionId":"db389dbc81368ccfaefa1eac96b7e622","manifestId":"com.crest.simplestats.metric","metric":"net-up","group":"network","display":{"label":"NET UP","value":"--","graphValue":null,"graphMax":null,"graphMinMax":10,"graphMin":0},"gpuIndex":0}
2026-02-07T11:40:33.993Z render {"actionId":"57fabefe0871a185afeda98c7ab698b0","manifestId":"com.crest.simplestats.metric","metric":"gpu-top-compute","group":"gpu","display":{"label":"GPU TOP","value":"--","graphValue":null,"graphMax":100,"graphMinMax":null,"graphMin":0,"processName":null,"processIcon":null},"gpuIndex":0}
2026-02-07T11:40:33.993Z gpuSnapshot {"actionId":"57fabefe0871a185afeda98c7ab698b0","manifestId":"com.crest.simplestats.metric","gpuIndex":0,"loadPct":null,"vramPct":null,"vramUsed":null,"vramTotal":null,"tempC":null,"powerW":null,"name":null}
2026-02-07T11:40:39.013Z render {"actionId":"f6f54536816691298d830bc4887c5483","manifestId":"com.crest.simplestats.metric","metric":"net-up","group":"network","display":{"label":"NET UP","value":"--","graphValue":null,"graphMax":null,"graphMinMax":10,"graphMin":0},"gpuIndex":0}
2026-02-07T11:40:44.060Z helperStopped {"pid":1515120}
2026-02-07T11:40:44.061Z helperNoData
2026-02-07T11:40:44.062Z render {"actionId":"f6f54536816691298d830bc4887c5483","manifestId":"com.crest.simplestats.metric","metric":"net-up","group":"network","display":{"label":"NET UP","value":"--","graphValue":null,"graphMax":null,"graphMinMax":10,"graphMin":0},"gpuIndex":0}
2026-02-07T11:40:49.123Z helperStarted {"path":"C:\\users\\crest\\source\\repos\\SimpleStats\\com.crest.simplestats.sdPlugin\\bin\\SimpleStatsHelper.exe","pid":1487932}
2026-02-07T11:40:59.219Z perfSummary {"reason":"interval","tickMs":1.1,"subscribers":32,"summary":{"gpu":{"avgMs":17.5,"maxMs":487.9,"lastMs":0,"count":28},"diskPerf":{"avgMs":0,"maxMs":0.4,"lastMs":0,"count":28},"diskSize":{"avgMs":2,"maxMs":22.7,"lastMs":1.3,"count":31},"netStats":{"avgMs":1.3,"maxMs":2.1,"lastMs":1.3,"count":30},"netIfaces":{"avgMs":1.3,"maxMs":2.1,"lastMs":1.3,"count":30},"tick":{"avgMs":18.8,"maxMs":490.1,"lastMs":1.1,"count":32},"cpuMem":{"avgMs":3.6,"maxMs":25.5,"lastMs":1,"count":30}},"process":{"cpuPct":1.2,"cpuMs":359,"rssMb":46.3,"heapMb":8.1,"extMb":2.1}}
2026-02-07T11:41:04.279Z helperStopped {"pid":1487932}
2026-02-07T11:41:09.318Z helperStarted {"path":"C:\\users\\crest\\source\\repos\\SimpleStats\\com.crest.simplestats.sdPlugin\\bin\\SimpleStatsHelper.exe","pid":115608}
2026-02-07T11:41:24.477Z helperStopped {"pid":115608}
2026-02-07T11:41:29.525Z helperStarted {"path":"C:\\users\\crest\\source\\repos\\SimpleStats\\com.crest.simplestats.sdPlugin\\bin\\SimpleStatsHelper.exe","pid":1065148}
2026-02-07T11:41:29.526Z render {"actionId":"4e6de72aadb87d157c3ccf19b5c6d697","manifestId":"com.crest.simplestats.metric","metric":"disk-used","group":"disk","display":{"label":"DSK % USED","value":"--","graphValue":null,"graphMax":100,"graphMinMax":null,"graphMin":0},"gpuIndex":0}
2026-02-07T11:41:29.526Z diskSnapshot {"actionId":"4e6de72aadb87d157c3ccf19b5c6d697","manifestId":"com.crest.simplestats.metric","diskId":"","disk":null,"perfKeys":[],"perf":null,"totalActivityPct":null,"totalThroughput":{"readBps":null,"writeBps":null}}
2026-02-07T11:41:29.527Z render {"actionId":"fd64a8acbacfd674ab252a990cbe5825","manifestId":"com.crest.simplestats.metric","metric":"disk-free","group":"disk","display":{"label":"DSK % FREE","value":"--","graphValue":null,"graphMax":100,"graphMinMax":null,"graphMin":0},"gpuIndex":0}
2026-02-07T11:41:29.528Z diskSnapshot {"actionId":"fd64a8acbacfd674ab252a990cbe5825","manifestId":"com.crest.simplestats.metric","diskId":"","disk":null,"perfKeys":[],"perf":null,"totalActivityPct":null,"totalThroughput":{"readBps":null,"writeBps":null}}
2026-02-07T11:41:29.529Z perfSummary {"reason":"interval","tickMs":7.8,"subscribers":32,"summary":{"gpu":{"avgMs":8.6,"maxMs":487.9,"lastMs":0,"count":57},"diskPerf":{"avgMs":0,"maxMs":0.4,"lastMs":0,"count":57},"diskSize":{"avgMs":1.6,"maxMs":22.7,"lastMs":1.1,"count":61},"netStats":{"avgMs":1.2,"maxMs":2.1,"lastMs":1.1,"count":60},"netIfaces":{"avgMs":1.2,"maxMs":2.1,"lastMs":1.1,"count":60},"tick":{"avgMs":10.5,"maxMs":490.1,"lastMs":7.8,"count":62},"cpuMem":{"avgMs":2.6,"maxMs":25.5,"lastMs":7.8,"count":59}},"process":{"cpuPct":0.6,"cpuMs":188,"rssMb":49.2,"heapMb":7.8,"extMb":2}}
2026-02-07T11:41:44.708Z helperStopped {"pid":1065148}
2026-02-07T11:41:49.764Z helperStarted {"path":"C:\\users\\crest\\source\\repos\\SimpleStats\\com.crest.simplestats.sdPlugin\\bin\\SimpleStatsHelper.exe","pid":162924}
2026-02-07T11:41:59.871Z perfSummary {"reason":"interval","tickMs":1.1,"subscribers":32,"summary":{"gpu":{"avgMs":5.7,"maxMs":487.9,"lastMs":0,"count":86},"diskPerf":{"avgMs":0,"maxMs":0.4,"lastMs":0,"count":86},"diskSize":{"avgMs":1.4,"maxMs":22.7,"lastMs":1.3,"count":91},"netStats":{"avgMs":1.2,"maxMs":2.1,"lastMs":1.3,"count":90},"netIfaces":{"avgMs":1.2,"maxMs":2.1,"lastMs":1.3,"count":90},"tick":{"avgMs":7.5,"maxMs":490.1,"lastMs":1.1,"count":92},"cpuMem":{"avgMs":2.2,"maxMs":25.5,"lastMs":1,"count":89}},"process":{"cpuPct":0.3,"cpuMs":78,"rssMb":53.6,"heapMb":8.8,"extMb":2.1}}
2026-02-07T11:42:04.925Z helperStopped {"pid":162924}
2026-02-07T11:42:09.982Z helperStarted {"path":"C:\\users\\crest\\source\\repos\\SimpleStats\\com.crest.simplestats.sdPlugin\\bin\\SimpleStatsHelper.exe","pid":145088}
2026-02-07T11:42:25.139Z helperStopped {"pid":145088}
2026-02-07T11:42:30.195Z helperStarted {"path":"C:\\users\\crest\\source\\repos\\SimpleStats\\com.crest.simplestats.sdPlugin\\bin\\SimpleStatsHelper.exe","pid":1429068}
2026-02-07T11:42:30.196Z render {"actionId":"4e6de72aadb87d157c3ccf19b5c6d697","manifestId":"com.crest.simplestats.metric","metric":"disk-used","group":"disk","display":{"label":"DSK % USED","value":"--","graphValue":null,"graphMax":100,"graphMinMax":null,"graphMin":0},"gpuIndex":0}
2026-02-07T11:42:30.196Z diskSnapshot {"actionId":"4e6de72aadb87d157c3ccf19b5c6d697","manifestId":"com.crest.simplestats.metric","diskId":"","disk":null,"perfKeys":[],"perf":null,"totalActivityPct":null,"totalThroughput":{"readBps":null,"writeBps":null}}
2026-02-07T11:42:30.197Z render {"actionId":"fd64a8acbacfd674ab252a990cbe5825","manifestId":"com.crest.simplestats.metric","metric":"disk-free","group":"disk","display":{"label":"DSK % FREE","value":"--","graphValue":null,"graphMax":100,"graphMinMax":null,"graphMin":0},"gpuIndex":0}
2026-02-07T11:42:30.197Z diskSnapshot {"actionId":"fd64a8acbacfd674ab252a990cbe5825","manifestId":"com.crest.simplestats.metric","diskId":"","disk":null,"perfKeys":[],"perf":null,"totalActivityPct":null,"totalThroughput":{"readBps":null,"writeBps":null}}
2026-02-07T11:42:30.199Z perfSummary {"reason":"interval","tickMs":7.4,"subscribers":32,"summary":{"gpu":{"avgMs":4.3,"maxMs":487.9,"lastMs":0,"count":115},"diskPerf":{"avgMs":0,"maxMs":0.4,"lastMs":0,"count":115},"diskSize":{"avgMs":1.4,"maxMs":22.7,"lastMs":1,"count":121},"netStats":{"avgMs":1.2,"maxMs":2.1,"lastMs":1,"count":120},"netIfaces":{"avgMs":1.2,"maxMs":2.1,"lastMs":1,"count":120},"tick":{"avgMs":6.1,"maxMs":490.1,"lastMs":7.4,"count":122},"cpuMem":{"avgMs":2,"maxMs":25.5,"lastMs":7.4,"count":119}},"process":{"cpuPct":0.4,"cpuMs":125,"rssMb":53.8,"heapMb":10.2,"extMb":2.3}}
2026-02-07T11:42:45.339Z helperStopped {"pid":1429068}
2026-02-07T11:42:50.387Z helperStarted {"path":"C:\\users\\crest\\source\\repos\\SimpleStats\\com.crest.simplestats.sdPlugin\\bin\\SimpleStatsHelper.exe","pid":1407544}
2026-02-07T11:43:00.483Z perfSummary {"reason":"interval","tickMs":1.4,"subscribers":32,"summary":{"gpu":{"avgMs":3.4,"maxMs":487.9,"lastMs":0,"count":144},"diskPerf":{"avgMs":0,"maxMs":0.4,"lastMs":0,"count":144},"diskSize":{"avgMs":1.3,"maxMs":22.7,"lastMs":1,"count":151},"netStats":{"avgMs":1.2,"maxMs":2.1,"lastMs":1,"count":150},"netIfaces":{"avgMs":1.2,"maxMs":2.1,"lastMs":1,"count":150},"tick":{"avgMs":5.1,"maxMs":490.1,"lastMs":1.4,"count":152},"cpuMem":{"avgMs":1.9,"maxMs":25.5,"lastMs":1.4,"count":149}},"process":{"cpuPct":0.2,"cpuMs":63,"rssMb":54.2,"heapMb":9,"extMb":2.1}}
2026-02-07T11:43:05.539Z helperStopped {"pid":1407544}
2026-02-07T11:43:10.577Z helperStarted {"path":"C:\\users\\crest\\source\\repos\\SimpleStats\\com.crest.simplestats.sdPlugin\\bin\\SimpleStatsHelper.exe","pid":1513632}
2026-02-07T11:43:17.642Z helperStarted {"path":"C:\\users\\crest\\source\\repos\\SimpleStats\\com.crest.simplestats.sdPlugin\\bin\\SimpleStatsHelper.exe","pid":1515392}
2026-02-07T11:43:30.768Z render {"actionId":"4e6de72aadb87d157c3ccf19b5c6d697","manifestId":"com.crest.simplestats.metric","metric":"disk-used","group":"disk","display":{"label":"DSK % USED","value":"--","graphValue":null,"graphMax":100,"graphMinMax":null,"graphMin":0},"gpuIndex":0}
2026-02-07T11:43:30.768Z diskSnapshot {"actionId":"4e6de72aadb87d157c3ccf19b5c6d697","manifestId":"com.crest.simplestats.metric","diskId":"","disk":null,"perfKeys":[],"perf":null,"totalActivityPct":null,"totalThroughput":{"readBps":null,"writeBps":null}}
2026-02-07T11:43:30.769Z render {"actionId":"fd64a8acbacfd674ab252a990cbe5825","manifestId":"com.crest.simplestats.metric","metric":"disk-free","group":"disk","display":{"label":"DSK % FREE","value":"--","graphValue":null,"graphMax":100,"graphMinMax":null,"graphMin":0},"gpuIndex":0}
2026-02-07T11:43:30.769Z diskSnapshot {"actionId":"fd64a8acbacfd674ab252a990cbe5825","manifestId":"com.crest.simplestats.metric","diskId":"","disk":null,"perfKeys":[],"perf":null,"totalActivityPct":null,"totalThroughput":{"readBps":null,"writeBps":null}}
2026-02-07T11:43:30.770Z perfSummary {"reason":"interval","tickMs":3.4,"subscribers":32,"summary":{"gpu":{"avgMs":2.9,"maxMs":487.9,"lastMs":0,"count":172},"diskPerf":{"avgMs":0,"maxMs":0.4,"lastMs":0,"count":172},"diskSize":{"avgMs":1.3,"maxMs":22.7,"lastMs":1.1,"count":181},"netStats":{"avgMs":1.2,"maxMs":2.1,"lastMs":1.1,"count":180},"netIfaces":{"avgMs":1.2,"maxMs":2.1,"lastMs":1.1,"count":180},"tick":{"avgMs":4.5,"maxMs":490.1,"lastMs":3.4,"count":182},"cpuMem":{"avgMs":1.8,"maxMs":25.5,"lastMs":3.4,"count":178}},"process":{"cpuPct":0.4,"cpuMs":125,"rssMb":54.2,"heapMb":9.1,"extMb":2.1}}
2026-02-07T11:43:32.783Z helperStopped {"pid":1515392}
2026-02-07T11:43:37.836Z helperStarted {"path":"C:\\users\\crest\\source\\repos\\SimpleStats\\com.crest.simplestats.sdPlugin\\bin\\SimpleStatsHelper.exe","pid":1415896}
2026-02-07T11:43:52.976Z helperStopped {"pid":1415896}
2026-02-07T11:43:58.030Z helperStarted {"path":"C:\\users\\crest\\source\\repos\\SimpleStats\\com.crest.simplestats.sdPlugin\\bin\\SimpleStatsHelper.exe","pid":1373580}
2026-02-07T11:44:01.062Z perfSummary {"reason":"interval","tickMs":1.4,"subscribers":32,"summary":{"gpu":{"avgMs":2.4,"maxMs":487.9,"lastMs":0,"count":202},"diskPerf":{"avgMs":0,"maxMs":0.4,"lastMs":0,"count":202},"diskSize":{"avgMs":1.3,"maxMs":22.7,"lastMs":1.1,"count":211},"netStats":{"avgMs":1.2,"maxMs":2.1,"lastMs":1.1,"count":210},"netIfaces":{"avgMs":1.2,"maxMs":2.1,"lastMs":1.1,"count":210},"tick":{"avgMs":4.1,"maxMs":490.1,"lastMs":1.4,"count":212},"cpuMem":{"avgMs":1.8,"maxMs":25.5,"lastMs":1.4,"count":208}},"process":{"cpuPct":0.4,"cpuMs":125,"rssMb":54.4,"heapMb":9.2,"extMb":2.1}}
2026-02-07T11:44:13.165Z helperStopped {"pid":1373580}
2026-02-07T11:44:18.210Z helperStarted {"path":"C:\\users\\crest\\source\\repos\\SimpleStats\\com.crest.simplestats.sdPlugin\\bin\\SimpleStatsHelper.exe","pid":1065692}
2026-02-07T11:44:20.671Z helperStderr {"message":"[SimpleStatsHelper] started interval=1000ms pid=1513632"}
2026-02-07T11:44:20.682Z helperStderr {"message":"[SimpleStatsHelper] disk sampler ready"}
2026-02-07T11:44:20.685Z helperStderr {"message":"[SimpleStatsHelper] cpu sampler ready"}
2026-02-07T11:44:21.303Z helperStderr {"message":"[SimpleStatsHelper] topProcess sampler ready"}
2026-02-07T11:44:21.514Z helperStderr {"message":"[SimpleStatsHelper] gpu sampler ready"}
2026-02-07T11:44:23.598Z helperPrimed {"elapsedMs":5388}
2026-02-07T11:44:23.598Z helperSnapshot {"seq":1,"hasCpu":true,"hasMem":true,"hasGpus":true,"hasDiskPerf":true,"hasTopProcess":true,"itemCount":5}
2026-02-07T11:44:24.281Z helperCpuAvailable
2026-02-07T11:44:24.282Z helperMemAvailable
2026-02-07T11:44:24.284Z helperGpuAvailable
2026-02-07T11:44:24.285Z helperDiskPerfAvailable
2026-02-07T11:44:24.694Z helperSnapshot {"seq":2,"hasCpu":true,"hasMem":true,"hasGpus":true,"hasDiskPerf":true,"hasTopProcess":true,"itemCount":5}
2026-02-07T11:44:25.779Z helperSnapshot {"seq":3,"hasCpu":true,"hasMem":true,"hasGpus":true,"hasDiskPerf":true,"hasTopProcess":true,"itemCount":5}
2026-02-07T11:44:26.872Z helperSnapshot {"seq":4,"hasCpu":true,"hasMem":true,"hasGpus":true,"hasDiskPerf":true,"hasTopProcess":true,"itemCount":5}
2026-02-07T11:44:27.967Z helperSnapshot {"seq":5,"hasCpu":true,"hasMem":true,"hasGpus":true,"hasDiskPerf":true,"hasTopProcess":true,"itemCount":5}
2026-02-07T11:44:31.356Z perfSummary {"reason":"interval","tickMs":1.6,"subscribers":32,"summary":{"gpu":{"avgMs":2.1,"maxMs":487.9,"lastMs":0,"count":231},"diskPerf":{"avgMs":0,"maxMs":0.4,"lastMs":0,"count":231},"diskSize":{"avgMs":1.3,"maxMs":22.7,"lastMs":1.4,"count":235},"netStats":{"avgMs":1.2,"maxMs":2.8,"lastMs":1.9,"count":240},"netIfaces":{"avgMs":1.2,"maxMs":2.7,"lastMs":2.7,"count":234},"tick":{"avgMs":3.8,"maxMs":490.1,"lastMs":1.6,"count":242},"cpuMem":{"avgMs":1.7,"maxMs":25.5,"lastMs":1.4,"count":238}},"process":{"cpuPct":0.4,"cpuMs":124,"rssMb":54.7,"heapMb":10.5,"extMb":2.3}}
2026-02-07T11:45:01.621Z perfSummary {"reason":"interval","tickMs":1.1,"subscribers":32,"summary":{"gpu":{"avgMs":1.9,"maxMs":487.9,"lastMs":0,"count":256},"diskPerf":{"avgMs":0,"maxMs":0.4,"lastMs":0,"count":256},"diskSize":{"avgMs":1.3,"maxMs":22.7,"lastMs":1.4,"count":235},"netStats":{"avgMs":1.2,"maxMs":2.8,"lastMs":1.4,"count":265},"netIfaces":{"avgMs":1.2,"maxMs":2.7,"lastMs":2.7,"count":234},"tick":{"avgMs":3.5,"maxMs":490.1,"lastMs":1.1,"count":272},"cpuMem":{"avgMs":1.7,"maxMs":25.5,"lastMs":1,"count":268}},"process":{"cpuPct":0.6,"cpuMs":188,"rssMb":55.2,"heapMb":12.6,"extMb":2.5}}
2026-02-07T11:45:21.876Z helperStderr {"message":"[SimpleStatsHelper] started interval=1000ms pid=1065692"}
2026-02-07T11:45:21.887Z helperStderr {"message":"[SimpleStatsHelper] disk sampler ready"}
2026-02-07T11:45:21.890Z helperStderr {"message":"[SimpleStatsHelper] cpu sampler ready"}
2026-02-07T11:45:22.593Z helperStderr {"message":"[SimpleStatsHelper] topProcess sampler ready"}
2026-02-07T11:45:22.785Z helperStderr {"message":"[SimpleStatsHelper] gpu sampler ready"}
2026-02-07T11:45:31.863Z perfSummary {"reason":"interval","tickMs":1.5,"subscribers":32,"summary":{"gpu":{"avgMs":1.7,"maxMs":487.9,"lastMs":0,"count":284},"diskPerf":{"avgMs":0,"maxMs":0.4,"lastMs":0,"count":284},"diskSize":{"avgMs":1.3,"maxMs":22.7,"lastMs":1.4,"count":236},"netStats":{"avgMs":1.2,"maxMs":2.8,"lastMs":1.1,"count":293},"netIfaces":{"avgMs":1.2,"maxMs":2.7,"lastMs":2.7,"count":234},"tick":{"avgMs":3.3,"maxMs":490.1,"lastMs":1.5,"count":302},"cpuMem":{"avgMs":1.6,"maxMs":25.5,"lastMs":1.4,"count":298}},"process":{"cpuPct":0.6,"cpuMs":187,"rssMb":62.4,"heapMb":13.7,"extMb":2.9}}
2026-02-07T11:46:02.162Z perfSummary {"reason":"interval","tickMs":1.4,"subscribers":32,"summary":{"gpu":{"avgMs":1.6,"maxMs":487.9,"lastMs":0,"count":313},"diskPerf":{"avgMs":0,"maxMs":0.4,"lastMs":0,"count":313},"diskSize":{"avgMs":1.3,"maxMs":22.7,"lastMs":1.4,"count":236},"netStats":{"avgMs":1.2,"maxMs":2.8,"lastMs":1.2,"count":322},"netIfaces":{"avgMs":1.2,"maxMs":2.7,"lastMs":2.7,"count":234},"tick":{"avgMs":3.1,"maxMs":490.1,"lastMs":1.4,"count":332},"cpuMem":{"avgMs":1.6,"maxMs":25.5,"lastMs":1.3,"count":327}},"process":{"cpuPct":0.3,"cpuMs":79,"rssMb":62.7,"heapMb":8.8,"extMb":2.2}}
2026-02-07T11:46:32.474Z perfSummary {"reason":"interval","tickMs":1,"subscribers":32,"summary":{"gpu":{"avgMs":1.5,"maxMs":487.9,"lastMs":0,"count":342},"diskPerf":{"avgMs":0,"maxMs":0.4,"lastMs":0,"count":342},"diskSize":{"avgMs":1.3,"maxMs":22.7,"lastMs":1.2,"count":237},"netStats":{"avgMs":1.2,"maxMs":2.8,"lastMs":1.3,"count":351},"netIfaces":{"avgMs":1.2,"maxMs":2.7,"lastMs":2.7,"count":234},"tick":{"avgMs":3,"maxMs":490.1,"lastMs":1,"count":362},"cpuMem":{"avgMs":1.6,"maxMs":25.5,"lastMs":0.9,"count":356}},"process":{"cpuPct":0.3,"cpuMs":78,"rssMb":62.8,"heapMb":10.6,"extMb":2.5}}
2026-02-07T11:47:02.788Z perfSummary {"reason":"interval","tickMs":1.3,"subscribers":32,"summary":{"gpu":{"avgMs":1.3,"maxMs":487.9,"lastMs":0,"count":372},"diskPerf":{"avgMs":0,"maxMs":0.4,"lastMs":0,"count":371},"diskSize":{"avgMs":1.3,"maxMs":22.7,"lastMs":1.2,"count":237},"netStats":{"avgMs":1.2,"maxMs":2.8,"lastMs":1.2,"count":380},"netIfaces":{"avgMs":1.2,"maxMs":2.7,"lastMs":2.7,"count":234},"tick":{"avgMs":2.8,"maxMs":490.1,"lastMs":1.3,"count":392},"cpuMem":{"avgMs":1.5,"maxMs":25.5,"lastMs":1.3,"count":386}},"process":{"cpuPct":0.6,"cpuMs":171,"rssMb":62.8,"heapMb":14.1,"extMb":3}}
2026-02-07T11:47:33.051Z perfSummary {"reason":"interval","tickMs":1,"subscribers":32,"summary":{"gpu":{"avgMs":1.2,"maxMs":487.9,"lastMs":0,"count":399},"diskPerf":{"avgMs":0,"maxMs":0.4,"lastMs":0,"count":398},"diskSize":{"avgMs":1.3,"maxMs":22.7,"lastMs":1,"count":238},"netStats":{"avgMs":1.2,"maxMs":2.8,"lastMs":1.5,"count":407},"netIfaces":{"avgMs":1.2,"maxMs":2.7,"lastMs":2.7,"count":234},"tick":{"avgMs":2.7,"maxMs":490.1,"lastMs":1,"count":422},"cpuMem":{"avgMs":1.5,"maxMs":25.5,"lastMs":0.9,"count":416}},"process":{"cpuPct":0.3,"cpuMs":94,"rssMb":62.8,"heapMb":9.2,"extMb":2.3}}
2026-02-07T11:48:03.307Z perfSummary {"reason":"interval","tickMs":1,"subscribers":32,"summary":{"gpu":{"avgMs":1.2,"maxMs":487.9,"lastMs":0,"count":425},"diskPerf":{"avgMs":0,"maxMs":0.4,"lastMs":0,"count":424},"diskSize":{"avgMs":1.3,"maxMs":22.7,"lastMs":1,"count":238},"netStats":{"avgMs":1.2,"maxMs":2.8,"lastMs":1,"count":433},"netIfaces":{"avgMs":1.2,"maxMs":2.7,"lastMs":2.7,"count":234},"tick":{"avgMs":2.6,"maxMs":490.1,"lastMs":1,"count":452},"cpuMem":{"avgMs":1.5,"maxMs":25.5,"lastMs":0.9,"count":446}},"process":{"cpuPct":0.3,"cpuMs":78,"rssMb":63,"heapMb":12.5,"extMb":2.7}}
2026-02-07T11:48:33.607Z perfSummary {"reason":"interval","tickMs":1.1,"subscribers":32,"summary":{"gpu":{"avgMs":1.1,"maxMs":487.9,"lastMs":0,"count":454},"diskPerf":{"avgMs":0,"maxMs":0.4,"lastMs":0,"count":453},"diskSize":{"avgMs":1.3,"maxMs":22.7,"lastMs":1.1,"count":239},"netStats":{"avgMs":1.2,"maxMs":2.8,"lastMs":1.1,"count":462},"netIfaces":{"avgMs":1.2,"maxMs":2.7,"lastMs":2.7,"count":234},"tick":{"avgMs":2.5,"maxMs":490.1,"lastMs":1.1,"count":482},"cpuMem":{"avgMs":1.4,"maxMs":25.5,"lastMs":1,"count":476}},"process":{"cpuPct":0.3,"cpuMs":78,"rssMb":63.7,"heapMb":14.3,"extMb":3}}
